2022-06-04 12:00:55,209 [Worker-5: Loading available Gradle versions] INFO  o.e.b.c.i.u.g.PublishedGradleVersions - Gradle version information cache is up-to-date. Trying to read.
2022-06-04 12:01:10,523 [Worker-8: Building] INFO  o.e.m.c.i.l.LifecycleMappingFactory - Using org.eclipse.m2e.jdt.JarLifecycleMapping lifecycle mapping for MavenProject: com.tuto.springboot:SPWebApp:0.0.1-SNAPSHOT @ C:\Users\arthu\Desktop\ASI_new\Users\SPWebAppUser\pom.xml.
2022-06-04 12:01:10,551 [Worker-20: Updating Maven Dependencies] INFO  o.e.m.c.i.l.LifecycleMappingFactory - Using org.eclipse.m2e.jdt.JarLifecycleMapping lifecycle mapping for MavenProject: com.tuto.springboot:SPWebApp:0.0.1-SNAPSHOT @ C:\Users\arthu\Desktop\ASI_new\Users\SPWebAppUser\pom.xml.
2022-06-04 12:01:12,184 [Worker-8: Building] INFO  o.e.m.c.i.embedder.EclipseLogger - Using 'UTF-8' encoding to copy filtered resources.
2022-06-04 12:01:12,193 [Worker-8: Building] INFO  o.e.m.c.i.embedder.EclipseLogger - Copying 1 resource
2022-06-04 12:01:12,222 [Worker-8: Building] INFO  o.e.m.c.i.embedder.EclipseLogger - Copying 165 resources
2022-06-04 12:01:15,976 [Worker-8: Building] INFO  o.e.m.c.i.embedder.EclipseLogger - Using 'UTF-8' encoding to copy filtered resources.
2022-06-04 12:01:15,976 [Worker-8: Building] INFO  o.e.m.c.i.embedder.EclipseLogger - skip non existing resourceDirectory C:\Users\arthu\Desktop\ASI_new\Users\SPWebAppUser\src\test\resources
2022-06-04 12:01:17,808 [Worker-5: Updating Maven Dependencies] INFO  o.e.m.c.i.l.LifecycleMappingFactory - Using org.eclipse.m2e.jdt.JarLifecycleMapping lifecycle mapping for MavenProject: com.tuto.springboot:SPWebApp:0.0.1-SNAPSHOT @ C:\Users\arthu\Desktop\ASI_new\Users\SPWebAppUser\pom.xml.
2022-06-04 12:01:18,218 [Worker-19: Building] INFO  o.e.m.c.i.embedder.EclipseLogger - Using 'UTF-8' encoding to copy filtered resources.
2022-06-04 12:01:18,246 [Worker-19: Building] INFO  o.e.m.c.i.embedder.EclipseLogger - Copying 1 resource
2022-06-04 12:01:18,289 [Worker-19: Building] INFO  o.e.m.c.i.embedder.EclipseLogger - Copying 165 resources
2022-06-04 12:01:18,983 [Worker-19: Building] INFO  o.e.m.c.i.embedder.EclipseLogger - Using 'UTF-8' encoding to copy filtered resources.
2022-06-04 12:01:18,984 [Worker-19: Building] INFO  o.e.m.c.i.embedder.EclipseLogger - skip non existing resourceDirectory C:\Users\arthu\Desktop\ASI_new\Users\SPWebAppUser\src\test\resources
2022-06-04 12:01:20,695 [Worker-5: Building] INFO  o.e.m.c.i.embedder.EclipseLogger - Using 'UTF-8' encoding to copy filtered resources.
2022-06-04 12:01:20,696 [Worker-5: Building] INFO  o.e.m.c.i.embedder.EclipseLogger - Copying 0 resource
2022-06-04 12:01:20,697 [Worker-5: Building] INFO  o.e.m.c.i.embedder.EclipseLogger - Copying 0 resource
2022-06-04 12:01:20,700 [Worker-5: Building] INFO  o.e.m.c.i.embedder.EclipseLogger - Using 'UTF-8' encoding to copy filtered resources.
2022-06-04 12:01:20,701 [Worker-5: Building] INFO  o.e.m.c.i.embedder.EclipseLogger - skip non existing resourceDirectory C:\Users\arthu\Desktop\ASI_new\Users\SPWebAppUser\src\test\resources
2022-06-04 12:02:26,800 [Worker-3: Building] INFO  o.e.m.c.i.embedder.EclipseLogger - Using 'UTF-8' encoding to copy filtered resources.
2022-06-04 12:02:26,801 [Worker-3: Building] INFO  o.e.m.c.i.embedder.EclipseLogger - Copying 0 resource
2022-06-04 12:02:26,801 [Worker-3: Building] INFO  o.e.m.c.i.embedder.EclipseLogger - Copying 0 resource
2022-06-04 12:02:26,804 [Worker-3: Building] INFO  o.e.m.c.i.embedder.EclipseLogger - Using 'UTF-8' encoding to copy filtered resources.
2022-06-04 12:02:26,804 [Worker-3: Building] INFO  o.e.m.c.i.embedder.EclipseLogger - skip non existing resourceDirectory C:\Users\arthu\Desktop\ASI_new\Users\SPWebAppUser\src\test\resources
2022-06-04 12:02:30,759 [Worker-9: Building] INFO  o.e.m.c.i.embedder.EclipseLogger - Using 'UTF-8' encoding to copy filtered resources.
2022-06-04 12:02:30,779 [Worker-9: Building] INFO  o.e.m.c.i.embedder.EclipseLogger - Copying 1 resource
2022-06-04 12:02:30,801 [Worker-9: Building] INFO  o.e.m.c.i.embedder.EclipseLogger - Copying 165 resources
2022-06-04 12:02:30,830 [Worker-9: Building] INFO  o.e.m.c.i.embedder.EclipseLogger - Using 'UTF-8' encoding to copy filtered resources.
2022-06-04 12:02:30,830 [Worker-9: Building] INFO  o.e.m.c.i.embedder.EclipseLogger - skip non existing resourceDirectory C:\Users\arthu\Desktop\ASI_new\Users\SPWebAppUser\src\test\resources
2022-06-04 12:09:34,412 [Worker-23: Building] INFO  o.e.m.c.i.embedder.EclipseLogger - Using 'UTF-8' encoding to copy filtered resources.
2022-06-04 12:09:34,432 [Worker-23: Building] INFO  o.e.m.c.i.embedder.EclipseLogger - Copying 1 resource
2022-06-04 12:09:34,457 [Worker-23: Building] INFO  o.e.m.c.i.embedder.EclipseLogger - Copying 165 resources
2022-06-04 12:09:34,508 [Worker-23: Building] INFO  o.e.m.c.i.embedder.EclipseLogger - Using 'UTF-8' encoding to copy filtered resources.
2022-06-04 12:09:34,508 [Worker-23: Building] INFO  o.e.m.c.i.embedder.EclipseLogger - skip non existing resourceDirectory C:\Users\arthu\Desktop\ASI_new\Users\SPWebAppUser\src\test\resources
2022-06-04 12:10:06,124 [Worker-23: Building] INFO  o.e.m.c.i.embedder.EclipseLogger - Using 'UTF-8' encoding to copy filtered resources.
2022-06-04 12:10:06,137 [Worker-23: Building] INFO  o.e.m.c.i.embedder.EclipseLogger - Copying 1 resource
2022-06-04 12:10:06,158 [Worker-23: Building] INFO  o.e.m.c.i.embedder.EclipseLogger - Copying 165 resources
2022-06-04 12:10:06,176 [Worker-23: Building] INFO  o.e.m.c.i.embedder.EclipseLogger - Using 'UTF-8' encoding to copy filtered resources.
2022-06-04 12:10:06,177 [Worker-23: Building] INFO  o.e.m.c.i.embedder.EclipseLogger - skip non existing resourceDirectory C:\Users\arthu\Desktop\ASI_new\Users\SPWebAppUser\src\test\resources
2022-06-04 12:10:15,511 [Worker-24: Building] INFO  o.e.m.c.i.embedder.EclipseLogger - Using 'UTF-8' encoding to copy filtered resources.
2022-06-04 12:10:15,528 [Worker-24: Building] INFO  o.e.m.c.i.embedder.EclipseLogger - Copying 1 resource
2022-06-04 12:10:15,548 [Worker-24: Building] INFO  o.e.m.c.i.embedder.EclipseLogger - Copying 165 resources
2022-06-04 12:10:15,573 [Worker-24: Building] INFO  o.e.m.c.i.embedder.EclipseLogger - Using 'UTF-8' encoding to copy filtered resources.
2022-06-04 12:10:15,574 [Worker-24: Building] INFO  o.e.m.c.i.embedder.EclipseLogger - skip non existing resourceDirectory C:\Users\arthu\Desktop\ASI_new\Users\SPWebAppUser\src\test\resources
2022-06-04 12:10:31,630 [Worker-3: Building] INFO  o.e.m.c.i.embedder.EclipseLogger - Using 'UTF-8' encoding to copy filtered resources.
2022-06-04 12:10:31,642 [Worker-3: Building] INFO  o.e.m.c.i.embedder.EclipseLogger - Copying 1 resource
2022-06-04 12:10:31,657 [Worker-3: Building] INFO  o.e.m.c.i.embedder.EclipseLogger - Copying 165 resources
2022-06-04 12:10:31,675 [Worker-3: Building] INFO  o.e.m.c.i.embedder.EclipseLogger - Using 'UTF-8' encoding to copy filtered resources.
2022-06-04 12:10:31,676 [Worker-3: Building] INFO  o.e.m.c.i.embedder.EclipseLogger - skip non existing resourceDirectory C:\Users\arthu\Desktop\ASI_new\Users\SPWebAppUser\src\test\resources
2022-06-04 12:12:37,280 [Worker-3: Building] INFO  o.e.m.c.i.embedder.EclipseLogger - Using 'UTF-8' encoding to copy filtered resources.
2022-06-04 12:12:37,296 [Worker-3: Building] INFO  o.e.m.c.i.embedder.EclipseLogger - Copying 1 resource
2022-06-04 12:12:37,311 [Worker-3: Building] INFO  o.e.m.c.i.embedder.EclipseLogger - Copying 165 resources
2022-06-04 12:12:37,330 [Worker-3: Building] INFO  o.e.m.c.i.embedder.EclipseLogger - Using 'UTF-8' encoding to copy filtered resources.
2022-06-04 12:12:37,330 [Worker-3: Building] INFO  o.e.m.c.i.embedder.EclipseLogger - skip non existing resourceDirectory C:\Users\arthu\Desktop\ASI_new\Users\SPWebAppUser\src\test\resources
2022-06-04 12:15:13,811 [Worker-27: Building] INFO  o.e.m.c.i.embedder.EclipseLogger - Using 'UTF-8' encoding to copy filtered resources.
2022-06-04 12:15:13,843 [Worker-27: Building] INFO  o.e.m.c.i.embedder.EclipseLogger - Copying 1 resource
2022-06-04 12:15:13,865 [Worker-27: Building] INFO  o.e.m.c.i.embedder.EclipseLogger - Copying 165 resources
2022-06-04 12:15:13,885 [Worker-27: Building] INFO  o.e.m.c.i.embedder.EclipseLogger - Using 'UTF-8' encoding to copy filtered resources.
2022-06-04 12:15:13,886 [Worker-27: Building] INFO  o.e.m.c.i.embedder.EclipseLogger - skip non existing resourceDirectory C:\Users\arthu\Desktop\ASI_new\Users\SPWebAppUser\src\test\resources
2022-06-04 12:15:22,226 [Worker-23: Building] INFO  o.e.m.c.i.embedder.EclipseLogger - Using 'UTF-8' encoding to copy filtered resources.
2022-06-04 12:15:22,244 [Worker-23: Building] INFO  o.e.m.c.i.embedder.EclipseLogger - Copying 1 resource
2022-06-04 12:15:22,263 [Worker-23: Building] INFO  o.e.m.c.i.embedder.EclipseLogger - Copying 165 resources
2022-06-04 12:15:22,285 [Worker-23: Building] INFO  o.e.m.c.i.embedder.EclipseLogger - Using 'UTF-8' encoding to copy filtered resources.
2022-06-04 12:15:22,285 [Worker-23: Building] INFO  o.e.m.c.i.embedder.EclipseLogger - skip non existing resourceDirectory C:\Users\arthu\Desktop\ASI_new\Users\SPWebAppUser\src\test\resources
2022-06-04 12:16:09,720 [Worker-23: Building] INFO  o.e.m.c.i.embedder.EclipseLogger - Using 'UTF-8' encoding to copy filtered resources.
2022-06-04 12:16:09,754 [Worker-23: Building] INFO  o.e.m.c.i.embedder.EclipseLogger - Copying 1 resource
2022-06-04 12:16:09,774 [Worker-23: Building] INFO  o.e.m.c.i.embedder.EclipseLogger - Copying 165 resources
2022-06-04 12:16:09,799 [Worker-23: Building] INFO  o.e.m.c.i.embedder.EclipseLogger - Using 'UTF-8' encoding to copy filtered resources.
2022-06-04 12:16:09,799 [Worker-23: Building] INFO  o.e.m.c.i.embedder.EclipseLogger - skip non existing resourceDirectory C:\Users\arthu\Desktop\ASI_new\Users\SPWebAppUser\src\test\resources
2022-06-04 12:17:20,858 [Worker-23: Building] INFO  o.e.m.c.i.embedder.EclipseLogger - Using 'UTF-8' encoding to copy filtered resources.
2022-06-04 12:17:20,889 [Worker-23: Building] INFO  o.e.m.c.i.embedder.EclipseLogger - Copying 1 resource
2022-06-04 12:17:20,905 [Worker-23: Building] INFO  o.e.m.c.i.embedder.EclipseLogger - Copying 165 resources
2022-06-04 12:17:20,921 [Worker-23: Building] INFO  o.e.m.c.i.embedder.EclipseLogger - Using 'UTF-8' encoding to copy filtered resources.
2022-06-04 12:17:20,921 [Worker-23: Building] INFO  o.e.m.c.i.embedder.EclipseLogger - skip non existing resourceDirectory C:\Users\arthu\Desktop\ASI_new\Users\SPWebAppUser\src\test\resources
2022-06-04 12:17:59,037 [Worker-31: Building] INFO  o.e.m.c.i.embedder.EclipseLogger - Using 'UTF-8' encoding to copy filtered resources.
2022-06-04 12:17:59,049 [Worker-31: Building] INFO  o.e.m.c.i.embedder.EclipseLogger - Copying 1 resource
2022-06-04 12:17:59,063 [Worker-31: Building] INFO  o.e.m.c.i.embedder.EclipseLogger - Copying 165 resources
2022-06-04 12:17:59,084 [Worker-31: Building] INFO  o.e.m.c.i.embedder.EclipseLogger - Using 'UTF-8' encoding to copy filtered resources.
2022-06-04 12:17:59,084 [Worker-31: Building] INFO  o.e.m.c.i.embedder.EclipseLogger - skip non existing resourceDirectory C:\Users\arthu\Desktop\ASI_new\Users\SPWebAppUser\src\test\resources
2022-06-04 12:27:00,919 [Worker-30: Building] INFO  o.e.m.c.i.embedder.EclipseLogger - Using 'UTF-8' encoding to copy filtered resources.
2022-06-04 12:27:00,937 [Worker-30: Building] INFO  o.e.m.c.i.embedder.EclipseLogger - Copying 1 resource
2022-06-04 12:27:00,955 [Worker-30: Building] INFO  o.e.m.c.i.embedder.EclipseLogger - Copying 165 resources
2022-06-04 12:27:00,978 [Worker-30: Building] INFO  o.e.m.c.i.embedder.EclipseLogger - Using 'UTF-8' encoding to copy filtered resources.
2022-06-04 12:27:00,978 [Worker-30: Building] INFO  o.e.m.c.i.embedder.EclipseLogger - skip non existing resourceDirectory C:\Users\arthu\Desktop\ASI_new\Users\SPWebAppUser\src\test\resources
2022-06-04 12:27:38,485 [Worker-35: Building] INFO  o.e.m.c.i.embedder.EclipseLogger - Using 'UTF-8' encoding to copy filtered resources.
2022-06-04 12:27:38,502 [Worker-35: Building] INFO  o.e.m.c.i.embedder.EclipseLogger - Copying 1 resource
2022-06-04 12:27:38,516 [Worker-35: Building] INFO  o.e.m.c.i.embedder.EclipseLogger - Copying 165 resources
2022-06-04 12:27:38,535 [Worker-35: Building] INFO  o.e.m.c.i.embedder.EclipseLogger - Using 'UTF-8' encoding to copy filtered resources.
2022-06-04 12:27:38,536 [Worker-35: Building] INFO  o.e.m.c.i.embedder.EclipseLogger - skip non existing resourceDirectory C:\Users\arthu\Desktop\ASI_new\Users\SPWebAppUser\src\test\resources
2022-06-04 12:27:44,610 [Worker-30: Building] INFO  o.e.m.c.i.embedder.EclipseLogger - Using 'UTF-8' encoding to copy filtered resources.
2022-06-04 12:27:44,630 [Worker-30: Building] INFO  o.e.m.c.i.embedder.EclipseLogger - Copying 1 resource
2022-06-04 12:27:44,650 [Worker-30: Building] INFO  o.e.m.c.i.embedder.EclipseLogger - Copying 165 resources
2022-06-04 12:27:44,680 [Worker-30: Building] INFO  o.e.m.c.i.embedder.EclipseLogger - Using 'UTF-8' encoding to copy filtered resources.
2022-06-04 12:27:44,680 [Worker-30: Building] INFO  o.e.m.c.i.embedder.EclipseLogger - skip non existing resourceDirectory C:\Users\arthu\Desktop\ASI_new\Users\SPWebAppUser\src\test\resources
2022-06-04 12:31:17,382 [Worker-36: Building] INFO  o.e.m.c.i.embedder.EclipseLogger - Using 'UTF-8' encoding to copy filtered resources.
2022-06-04 12:31:17,398 [Worker-36: Building] INFO  o.e.m.c.i.embedder.EclipseLogger - Copying 1 resource
2022-06-04 12:31:17,419 [Worker-36: Building] INFO  o.e.m.c.i.embedder.EclipseLogger - Copying 165 resources
2022-06-04 12:31:17,436 [Worker-36: Building] INFO  o.e.m.c.i.embedder.EclipseLogger - Using 'UTF-8' encoding to copy filtered resources.
2022-06-04 12:31:17,437 [Worker-36: Building] INFO  o.e.m.c.i.embedder.EclipseLogger - skip non existing resourceDirectory C:\Users\arthu\Desktop\ASI_new\Users\SPWebAppUser\src\test\resources
2022-06-04 12:31:34,368 [Worker-36: Building] INFO  o.e.m.c.i.embedder.EclipseLogger - Using 'UTF-8' encoding to copy filtered resources.
2022-06-04 12:31:34,381 [Worker-36: Building] INFO  o.e.m.c.i.embedder.EclipseLogger - Copying 1 resource
2022-06-04 12:31:34,394 [Worker-36: Building] INFO  o.e.m.c.i.embedder.EclipseLogger - Copying 165 resources
2022-06-04 12:31:34,411 [Worker-36: Building] INFO  o.e.m.c.i.embedder.EclipseLogger - Using 'UTF-8' encoding to copy filtered resources.
2022-06-04 12:31:34,411 [Worker-36: Building] INFO  o.e.m.c.i.embedder.EclipseLogger - skip non existing resourceDirectory C:\Users\arthu\Desktop\ASI_new\Users\SPWebAppUser\src\test\resources
2022-06-04 12:32:47,983 [Worker-36: Building] INFO  o.e.m.c.i.embedder.EclipseLogger - Using 'UTF-8' encoding to copy filtered resources.
2022-06-04 12:32:47,995 [Worker-36: Building] INFO  o.e.m.c.i.embedder.EclipseLogger - Copying 1 resource
2022-06-04 12:32:48,009 [Worker-36: Building] INFO  o.e.m.c.i.embedder.EclipseLogger - Copying 165 resources
2022-06-04 12:32:48,025 [Worker-36: Building] INFO  o.e.m.c.i.embedder.EclipseLogger - Using 'UTF-8' encoding to copy filtered resources.
2022-06-04 12:32:48,025 [Worker-36: Building] INFO  o.e.m.c.i.embedder.EclipseLogger - skip non existing resourceDirectory C:\Users\arthu\Desktop\ASI_new\Users\SPWebAppUser\src\test\resources
2022-06-04 12:34:13,294 [Worker-29: Building] INFO  o.e.m.c.i.embedder.EclipseLogger - Using 'UTF-8' encoding to copy filtered resources.
2022-06-04 12:34:13,306 [Worker-29: Building] INFO  o.e.m.c.i.embedder.EclipseLogger - Copying 1 resource
2022-06-04 12:34:13,319 [Worker-29: Building] INFO  o.e.m.c.i.embedder.EclipseLogger - Copying 165 resources
2022-06-04 12:34:13,335 [Worker-29: Building] INFO  o.e.m.c.i.embedder.EclipseLogger - Using 'UTF-8' encoding to copy filtered resources.
2022-06-04 12:34:13,335 [Worker-29: Building] INFO  o.e.m.c.i.embedder.EclipseLogger - skip non existing resourceDirectory C:\Users\arthu\Desktop\ASI_new\Users\SPWebAppUser\src\test\resources
2022-06-04 12:34:20,974 [Worker-29: Building] INFO  o.e.m.c.i.embedder.EclipseLogger - Using 'UTF-8' encoding to copy filtered resources.
2022-06-04 12:34:20,987 [Worker-29: Building] INFO  o.e.m.c.i.embedder.EclipseLogger - Copying 1 resource
2022-06-04 12:34:21,000 [Worker-29: Building] INFO  o.e.m.c.i.embedder.EclipseLogger - Copying 165 resources
2022-06-04 12:34:21,017 [Worker-29: Building] INFO  o.e.m.c.i.embedder.EclipseLogger - Using 'UTF-8' encoding to copy filtered resources.
2022-06-04 12:34:21,018 [Worker-29: Building] INFO  o.e.m.c.i.embedder.EclipseLogger - skip non existing resourceDirectory C:\Users\arthu\Desktop\ASI_new\Users\SPWebAppUser\src\test\resources
2022-06-04 12:34:57,369 [Worker-35: Building] INFO  o.e.m.c.i.embedder.EclipseLogger - Using 'UTF-8' encoding to copy filtered resources.
2022-06-04 12:34:57,381 [Worker-35: Building] INFO  o.e.m.c.i.embedder.EclipseLogger - Copying 1 resource
2022-06-04 12:34:57,394 [Worker-35: Building] INFO  o.e.m.c.i.embedder.EclipseLogger - Copying 165 resources
2022-06-04 12:34:57,414 [Worker-35: Building] INFO  o.e.m.c.i.embedder.EclipseLogger - Using 'UTF-8' encoding to copy filtered resources.
2022-06-04 12:34:57,414 [Worker-35: Building] INFO  o.e.m.c.i.embedder.EclipseLogger - skip non existing resourceDirectory C:\Users\arthu\Desktop\ASI_new\Users\SPWebAppUser\src\test\resources
2022-06-04 12:35:42,984 [Worker-29: Building] INFO  o.e.m.c.i.embedder.EclipseLogger - Using 'UTF-8' encoding to copy filtered resources.
2022-06-04 12:35:42,998 [Worker-29: Building] INFO  o.e.m.c.i.embedder.EclipseLogger - Copying 1 resource
2022-06-04 12:35:43,013 [Worker-29: Building] INFO  o.e.m.c.i.embedder.EclipseLogger - Copying 165 resources
2022-06-04 12:35:43,031 [Worker-29: Building] INFO  o.e.m.c.i.embedder.EclipseLogger - Using 'UTF-8' encoding to copy filtered resources.
2022-06-04 12:35:43,031 [Worker-29: Building] INFO  o.e.m.c.i.embedder.EclipseLogger - skip non existing resourceDirectory C:\Users\arthu\Desktop\ASI_new\Users\SPWebAppUser\src\test\resources
2022-06-04 12:35:58,620 [Worker-35: Building] INFO  o.e.m.c.i.embedder.EclipseLogger - Using 'UTF-8' encoding to copy filtered resources.
2022-06-04 12:35:58,637 [Worker-35: Building] INFO  o.e.m.c.i.embedder.EclipseLogger - Copying 1 resource
2022-06-04 12:35:58,651 [Worker-35: Building] INFO  o.e.m.c.i.embedder.EclipseLogger - Copying 165 resources
2022-06-04 12:35:58,670 [Worker-35: Building] INFO  o.e.m.c.i.embedder.EclipseLogger - Using 'UTF-8' encoding to copy filtered resources.
2022-06-04 12:35:58,670 [Worker-35: Building] INFO  o.e.m.c.i.embedder.EclipseLogger - skip non existing resourceDirectory C:\Users\arthu\Desktop\ASI_new\Users\SPWebAppUser\src\test\resources
2022-06-04 12:36:14,618 [Worker-35: Building] INFO  o.e.m.c.i.embedder.EclipseLogger - Using 'UTF-8' encoding to copy filtered resources.
2022-06-04 12:36:14,630 [Worker-35: Building] INFO  o.e.m.c.i.embedder.EclipseLogger - Copying 1 resource
2022-06-04 12:36:14,643 [Worker-35: Building] INFO  o.e.m.c.i.embedder.EclipseLogger - Copying 165 resources
2022-06-04 12:36:14,659 [Worker-35: Building] INFO  o.e.m.c.i.embedder.EclipseLogger - Using 'UTF-8' encoding to copy filtered resources.
2022-06-04 12:36:14,659 [Worker-35: Building] INFO  o.e.m.c.i.embedder.EclipseLogger - skip non existing resourceDirectory C:\Users\arthu\Desktop\ASI_new\Users\SPWebAppUser\src\test\resources
2022-06-04 12:36:42,167 [Worker-36: Building] INFO  o.e.m.c.i.embedder.EclipseLogger - Using 'UTF-8' encoding to copy filtered resources.
2022-06-04 12:36:42,237 [Worker-36: Building] INFO  o.e.m.c.i.embedder.EclipseLogger - Copying 1 resource
2022-06-04 12:36:42,251 [Worker-36: Building] INFO  o.e.m.c.i.embedder.EclipseLogger - Copying 165 resources
2022-06-04 12:36:42,274 [Worker-36: Building] INFO  o.e.m.c.i.embedder.EclipseLogger - Using 'UTF-8' encoding to copy filtered resources.
2022-06-04 12:36:42,274 [Worker-36: Building] INFO  o.e.m.c.i.embedder.EclipseLogger - skip non existing resourceDirectory C:\Users\arthu\Desktop\ASI_new\Users\SPWebAppUser\src\test\resources
2022-06-04 12:36:59,716 [Worker-34: Building] INFO  o.e.m.c.i.embedder.EclipseLogger - Using 'UTF-8' encoding to copy filtered resources.
2022-06-04 12:36:59,733 [Worker-34: Building] INFO  o.e.m.c.i.embedder.EclipseLogger - Copying 1 resource
2022-06-04 12:36:59,749 [Worker-34: Building] INFO  o.e.m.c.i.embedder.EclipseLogger - Copying 165 resources
2022-06-04 12:36:59,768 [Worker-34: Building] INFO  o.e.m.c.i.embedder.EclipseLogger - Using 'UTF-8' encoding to copy filtered resources.
2022-06-04 12:36:59,769 [Worker-34: Building] INFO  o.e.m.c.i.embedder.EclipseLogger - skip non existing resourceDirectory C:\Users\arthu\Desktop\ASI_new\Users\SPWebAppUser\src\test\resources
2022-06-04 12:37:08,844 [Worker-30: Building] INFO  o.e.m.c.i.embedder.EclipseLogger - Using 'UTF-8' encoding to copy filtered resources.
2022-06-04 12:37:08,859 [Worker-30: Building] INFO  o.e.m.c.i.embedder.EclipseLogger - Copying 1 resource
2022-06-04 12:37:08,876 [Worker-30: Building] INFO  o.e.m.c.i.embedder.EclipseLogger - Copying 165 resources
2022-06-04 12:37:08,896 [Worker-30: Building] INFO  o.e.m.c.i.embedder.EclipseLogger - Using 'UTF-8' encoding to copy filtered resources.
2022-06-04 12:37:08,897 [Worker-30: Building] INFO  o.e.m.c.i.embedder.EclipseLogger - skip non existing resourceDirectory C:\Users\arthu\Desktop\ASI_new\Users\SPWebAppUser\src\test\resources
2022-06-04 12:38:16,114 [Worker-29: Building] INFO  o.e.m.c.i.embedder.EclipseLogger - Using 'UTF-8' encoding to copy filtered resources.
2022-06-04 12:38:16,127 [Worker-29: Building] INFO  o.e.m.c.i.embedder.EclipseLogger - Copying 1 resource
2022-06-04 12:38:16,148 [Worker-29: Building] INFO  o.e.m.c.i.embedder.EclipseLogger - Copying 165 resources
2022-06-04 12:38:16,168 [Worker-29: Building] INFO  o.e.m.c.i.embedder.EclipseLogger - Using 'UTF-8' encoding to copy filtered resources.
2022-06-04 12:38:16,168 [Worker-29: Building] INFO  o.e.m.c.i.embedder.EclipseLogger - skip non existing resourceDirectory C:\Users\arthu\Desktop\ASI_new\Users\SPWebAppUser\src\test\resources
2022-06-04 12:38:22,929 [Worker-29: Building] INFO  o.e.m.c.i.embedder.EclipseLogger - Using 'UTF-8' encoding to copy filtered resources.
2022-06-04 12:38:22,943 [Worker-29: Building] INFO  o.e.m.c.i.embedder.EclipseLogger - Copying 1 resource
2022-06-04 12:38:22,956 [Worker-29: Building] INFO  o.e.m.c.i.embedder.EclipseLogger - Copying 165 resources
2022-06-04 12:38:22,974 [Worker-29: Building] INFO  o.e.m.c.i.embedder.EclipseLogger - Using 'UTF-8' encoding to copy filtered resources.
2022-06-04 12:38:22,974 [Worker-29: Building] INFO  o.e.m.c.i.embedder.EclipseLogger - skip non existing resourceDirectory C:\Users\arthu\Desktop\ASI_new\Users\SPWebAppUser\src\test\resources
2022-06-04 12:38:30,346 [Worker-34: Building] INFO  o.e.m.c.i.embedder.EclipseLogger - Using 'UTF-8' encoding to copy filtered resources.
2022-06-04 12:38:30,363 [Worker-34: Building] INFO  o.e.m.c.i.embedder.EclipseLogger - Copying 1 resource
2022-06-04 12:38:30,380 [Worker-34: Building] INFO  o.e.m.c.i.embedder.EclipseLogger - Copying 165 resources
2022-06-04 12:38:30,397 [Worker-34: Building] INFO  o.e.m.c.i.embedder.EclipseLogger - Using 'UTF-8' encoding to copy filtered resources.
2022-06-04 12:38:30,397 [Worker-34: Building] INFO  o.e.m.c.i.embedder.EclipseLogger - skip non existing resourceDirectory C:\Users\arthu\Desktop\ASI_new\Users\SPWebAppUser\src\test\resources
2022-06-04 12:39:02,487 [Worker-30: Building] INFO  o.e.m.c.i.embedder.EclipseLogger - Using 'UTF-8' encoding to copy filtered resources.
2022-06-04 12:39:02,501 [Worker-30: Building] INFO  o.e.m.c.i.embedder.EclipseLogger - Copying 1 resource
2022-06-04 12:39:02,514 [Worker-30: Building] INFO  o.e.m.c.i.embedder.EclipseLogger - Copying 165 resources
2022-06-04 12:39:02,534 [Worker-30: Building] INFO  o.e.m.c.i.embedder.EclipseLogger - Using 'UTF-8' encoding to copy filtered resources.
2022-06-04 12:39:02,534 [Worker-30: Building] INFO  o.e.m.c.i.embedder.EclipseLogger - skip non existing resourceDirectory C:\Users\arthu\Desktop\ASI_new\Users\SPWebAppUser\src\test\resources
2022-06-04 12:39:28,645 [Worker-29: Building] INFO  o.e.m.c.i.embedder.EclipseLogger - Using 'UTF-8' encoding to copy filtered resources.
2022-06-04 12:39:28,663 [Worker-29: Building] INFO  o.e.m.c.i.embedder.EclipseLogger - Copying 1 resource
2022-06-04 12:39:28,684 [Worker-29: Building] INFO  o.e.m.c.i.embedder.EclipseLogger - Copying 165 resources
2022-06-04 12:39:28,708 [Worker-29: Building] INFO  o.e.m.c.i.embedder.EclipseLogger - Using 'UTF-8' encoding to copy filtered resources.
2022-06-04 12:39:28,708 [Worker-29: Building] INFO  o.e.m.c.i.embedder.EclipseLogger - skip non existing resourceDirectory C:\Users\arthu\Desktop\ASI_new\Users\SPWebAppUser\src\test\resources
2022-06-04 12:39:34,653 [Worker-35: Building] INFO  o.e.m.c.i.embedder.EclipseLogger - Using 'UTF-8' encoding to copy filtered resources.
2022-06-04 12:39:34,665 [Worker-35: Building] INFO  o.e.m.c.i.embedder.EclipseLogger - Copying 1 resource
2022-06-04 12:39:34,677 [Worker-35: Building] INFO  o.e.m.c.i.embedder.EclipseLogger - Copying 165 resources
2022-06-04 12:39:34,693 [Worker-35: Building] INFO  o.e.m.c.i.embedder.EclipseLogger - Using 'UTF-8' encoding to copy filtered resources.
2022-06-04 12:39:34,694 [Worker-35: Building] INFO  o.e.m.c.i.embedder.EclipseLogger - skip non existing resourceDirectory C:\Users\arthu\Desktop\ASI_new\Users\SPWebAppUser\src\test\resources
2022-06-04 12:40:01,820 [Worker-30: Building] INFO  o.e.m.c.i.embedder.EclipseLogger - Using 'UTF-8' encoding to copy filtered resources.
2022-06-04 12:40:01,832 [Worker-30: Building] INFO  o.e.m.c.i.embedder.EclipseLogger - Copying 1 resource
2022-06-04 12:40:01,845 [Worker-30: Building] INFO  o.e.m.c.i.embedder.EclipseLogger - Copying 165 resources
2022-06-04 12:40:01,861 [Worker-30: Building] INFO  o.e.m.c.i.embedder.EclipseLogger - Using 'UTF-8' encoding to copy filtered resources.
2022-06-04 12:40:01,861 [Worker-30: Building] INFO  o.e.m.c.i.embedder.EclipseLogger - skip non existing resourceDirectory C:\Users\arthu\Desktop\ASI_new\Users\SPWebAppUser\src\test\resources
2022-06-04 12:40:33,425 [Worker-36: Building] INFO  o.e.m.c.i.embedder.EclipseLogger - Using 'UTF-8' encoding to copy filtered resources.
2022-06-04 12:40:33,438 [Worker-36: Building] INFO  o.e.m.c.i.embedder.EclipseLogger - Copying 1 resource
2022-06-04 12:40:33,451 [Worker-36: Building] INFO  o.e.m.c.i.embedder.EclipseLogger - Copying 165 resources
2022-06-04 12:40:33,467 [Worker-36: Building] INFO  o.e.m.c.i.embedder.EclipseLogger - Using 'UTF-8' encoding to copy filtered resources.
2022-06-04 12:40:33,467 [Worker-36: Building] INFO  o.e.m.c.i.embedder.EclipseLogger - skip non existing resourceDirectory C:\Users\arthu\Desktop\ASI_new\Users\SPWebAppUser\src\test\resources
2022-06-04 12:40:43,706 [Worker-30: Building] INFO  o.e.m.c.i.embedder.EclipseLogger - Using 'UTF-8' encoding to copy filtered resources.
2022-06-04 12:40:43,718 [Worker-30: Building] INFO  o.e.m.c.i.embedder.EclipseLogger - Copying 1 resource
2022-06-04 12:40:43,731 [Worker-30: Building] INFO  o.e.m.c.i.embedder.EclipseLogger - Copying 165 resources
2022-06-04 12:40:43,747 [Worker-30: Building] INFO  o.e.m.c.i.embedder.EclipseLogger - Using 'UTF-8' encoding to copy filtered resources.
2022-06-04 12:40:43,747 [Worker-30: Building] INFO  o.e.m.c.i.embedder.EclipseLogger - skip non existing resourceDirectory C:\Users\arthu\Desktop\ASI_new\Users\SPWebAppUser\src\test\resources
2022-06-04 12:40:50,218 [Worker-36: Building] INFO  o.e.m.c.i.embedder.EclipseLogger - Using 'UTF-8' encoding to copy filtered resources.
2022-06-04 12:40:50,233 [Worker-36: Building] INFO  o.e.m.c.i.embedder.EclipseLogger - Copying 1 resource
2022-06-04 12:40:50,264 [Worker-36: Building] INFO  o.e.m.c.i.embedder.EclipseLogger - Copying 165 resources
2022-06-04 12:40:50,286 [Worker-36: Building] INFO  o.e.m.c.i.embedder.EclipseLogger - Using 'UTF-8' encoding to copy filtered resources.
2022-06-04 12:40:50,286 [Worker-36: Building] INFO  o.e.m.c.i.embedder.EclipseLogger - skip non existing resourceDirectory C:\Users\arthu\Desktop\ASI_new\Users\SPWebAppUser\src\test\resources
2022-06-04 12:41:13,908 [Worker-35: Building] INFO  o.e.m.c.i.embedder.EclipseLogger - Using 'UTF-8' encoding to copy filtered resources.
2022-06-04 12:41:13,920 [Worker-35: Building] INFO  o.e.m.c.i.embedder.EclipseLogger - Copying 1 resource
2022-06-04 12:41:13,934 [Worker-35: Building] INFO  o.e.m.c.i.embedder.EclipseLogger - Copying 165 resources
2022-06-04 12:41:13,951 [Worker-35: Building] INFO  o.e.m.c.i.embedder.EclipseLogger - Using 'UTF-8' encoding to copy filtered resources.
2022-06-04 12:41:13,951 [Worker-35: Building] INFO  o.e.m.c.i.embedder.EclipseLogger - skip non existing resourceDirectory C:\Users\arthu\Desktop\ASI_new\Users\SPWebAppUser\src\test\resources
2022-06-04 12:41:46,606 [Worker-36: Building] INFO  o.e.m.c.i.embedder.EclipseLogger - Using 'UTF-8' encoding to copy filtered resources.
2022-06-04 12:41:46,624 [Worker-36: Building] INFO  o.e.m.c.i.embedder.EclipseLogger - Copying 1 resource
2022-06-04 12:41:46,654 [Worker-36: Building] INFO  o.e.m.c.i.embedder.EclipseLogger - Copying 165 resources
2022-06-04 12:41:46,678 [Worker-36: Building] INFO  o.e.m.c.i.embedder.EclipseLogger - Using 'UTF-8' encoding to copy filtered resources.
2022-06-04 12:41:46,678 [Worker-36: Building] INFO  o.e.m.c.i.embedder.EclipseLogger - skip non existing resourceDirectory C:\Users\arthu\Desktop\ASI_new\Users\SPWebAppUser\src\test\resources
2022-06-04 12:41:58,009 [Worker-34: Building] INFO  o.e.m.c.i.embedder.EclipseLogger - Using 'UTF-8' encoding to copy filtered resources.
2022-06-04 12:41:58,022 [Worker-34: Building] INFO  o.e.m.c.i.embedder.EclipseLogger - Copying 1 resource
2022-06-04 12:41:58,036 [Worker-34: Building] INFO  o.e.m.c.i.embedder.EclipseLogger - Copying 165 resources
2022-06-04 12:41:58,052 [Worker-34: Building] INFO  o.e.m.c.i.embedder.EclipseLogger - Using 'UTF-8' encoding to copy filtered resources.
2022-06-04 12:41:58,053 [Worker-34: Building] INFO  o.e.m.c.i.embedder.EclipseLogger - skip non existing resourceDirectory C:\Users\arthu\Desktop\ASI_new\Users\SPWebAppUser\src\test\resources
2022-06-04 12:42:12,904 [Worker-36: Building] INFO  o.e.m.c.i.embedder.EclipseLogger - Using 'UTF-8' encoding to copy filtered resources.
2022-06-04 12:42:12,916 [Worker-36: Building] INFO  o.e.m.c.i.embedder.EclipseLogger - Copying 1 resource
2022-06-04 12:42:12,928 [Worker-36: Building] INFO  o.e.m.c.i.embedder.EclipseLogger - Copying 165 resources
2022-06-04 12:42:12,944 [Worker-36: Building] INFO  o.e.m.c.i.embedder.EclipseLogger - Using 'UTF-8' encoding to copy filtered resources.
2022-06-04 12:42:12,944 [Worker-36: Building] INFO  o.e.m.c.i.embedder.EclipseLogger - skip non existing resourceDirectory C:\Users\arthu\Desktop\ASI_new\Users\SPWebAppUser\src\test\resources
2022-06-04 12:42:17,265 [Worker-29: Building] INFO  o.e.m.c.i.embedder.EclipseLogger - Using 'UTF-8' encoding to copy filtered resources.
2022-06-04 12:42:17,278 [Worker-29: Building] INFO  o.e.m.c.i.embedder.EclipseLogger - Copying 1 resource
2022-06-04 12:42:17,291 [Worker-29: Building] INFO  o.e.m.c.i.embedder.EclipseLogger - Copying 165 resources
2022-06-04 12:42:17,307 [Worker-29: Building] INFO  o.e.m.c.i.embedder.EclipseLogger - Using 'UTF-8' encoding to copy filtered resources.
2022-06-04 12:42:17,307 [Worker-29: Building] INFO  o.e.m.c.i.embedder.EclipseLogger - skip non existing resourceDirectory C:\Users\arthu\Desktop\ASI_new\Users\SPWebAppUser\src\test\resources
2022-06-04 12:42:23,715 [Worker-30: Building] INFO  o.e.m.c.i.embedder.EclipseLogger - Using 'UTF-8' encoding to copy filtered resources.
2022-06-04 12:42:23,793 [Worker-30: Building] INFO  o.e.m.c.i.embedder.EclipseLogger - Copying 1 resource
2022-06-04 12:42:23,806 [Worker-30: Building] INFO  o.e.m.c.i.embedder.EclipseLogger - Copying 165 resources
2022-06-04 12:42:23,823 [Worker-30: Building] INFO  o.e.m.c.i.embedder.EclipseLogger - Using 'UTF-8' encoding to copy filtered resources.
2022-06-04 12:42:23,823 [Worker-30: Building] INFO  o.e.m.c.i.embedder.EclipseLogger - skip non existing resourceDirectory C:\Users\arthu\Desktop\ASI_new\Users\SPWebAppUser\src\test\resources
2022-06-04 12:42:56,763 [Worker-35: Building] INFO  o.e.m.c.i.embedder.EclipseLogger - Using 'UTF-8' encoding to copy filtered resources.
2022-06-04 12:42:56,777 [Worker-35: Building] INFO  o.e.m.c.i.embedder.EclipseLogger - Copying 1 resource
2022-06-04 12:42:56,793 [Worker-35: Building] INFO  o.e.m.c.i.embedder.EclipseLogger - Copying 165 resources
2022-06-04 12:42:56,811 [Worker-35: Building] INFO  o.e.m.c.i.embedder.EclipseLogger - Using 'UTF-8' encoding to copy filtered resources.
2022-06-04 12:42:56,812 [Worker-35: Building] INFO  o.e.m.c.i.embedder.EclipseLogger - skip non existing resourceDirectory C:\Users\arthu\Desktop\ASI_new\Users\SPWebAppUser\src\test\resources
2022-06-04 12:44:54,970 [Worker-36: Building] INFO  o.e.m.c.i.embedder.EclipseLogger - Using 'UTF-8' encoding to copy filtered resources.
2022-06-04 12:44:54,985 [Worker-36: Building] INFO  o.e.m.c.i.embedder.EclipseLogger - Copying 1 resource
2022-06-04 12:44:55,002 [Worker-36: Building] INFO  o.e.m.c.i.embedder.EclipseLogger - Copying 165 resources
2022-06-04 12:44:55,022 [Worker-36: Building] INFO  o.e.m.c.i.embedder.EclipseLogger - Using 'UTF-8' encoding to copy filtered resources.
2022-06-04 12:44:55,022 [Worker-36: Building] INFO  o.e.m.c.i.embedder.EclipseLogger - skip non existing resourceDirectory C:\Users\arthu\Desktop\ASI_new\Users\SPWebAppUser\src\test\resources
2022-06-04 12:45:40,008 [Worker-34: Building] INFO  o.e.m.c.i.embedder.EclipseLogger - Using 'UTF-8' encoding to copy filtered resources.
2022-06-04 12:45:40,020 [Worker-34: Building] INFO  o.e.m.c.i.embedder.EclipseLogger - Copying 1 resource
2022-06-04 12:45:40,033 [Worker-34: Building] INFO  o.e.m.c.i.embedder.EclipseLogger - Copying 165 resources
2022-06-04 12:45:40,049 [Worker-34: Building] INFO  o.e.m.c.i.embedder.EclipseLogger - Using 'UTF-8' encoding to copy filtered resources.
2022-06-04 12:45:40,050 [Worker-34: Building] INFO  o.e.m.c.i.embedder.EclipseLogger - skip non existing resourceDirectory C:\Users\arthu\Desktop\ASI_new\Users\SPWebAppUser\src\test\resources
2022-06-04 12:46:56,384 [Worker-36: Building] INFO  o.e.m.c.i.embedder.EclipseLogger - Using 'UTF-8' encoding to copy filtered resources.
2022-06-04 12:46:56,398 [Worker-36: Building] INFO  o.e.m.c.i.embedder.EclipseLogger - Copying 1 resource
2022-06-04 12:46:56,412 [Worker-36: Building] INFO  o.e.m.c.i.embedder.EclipseLogger - Copying 165 resources
2022-06-04 12:46:56,431 [Worker-36: Building] INFO  o.e.m.c.i.embedder.EclipseLogger - Using 'UTF-8' encoding to copy filtered resources.
2022-06-04 12:46:56,431 [Worker-36: Building] INFO  o.e.m.c.i.embedder.EclipseLogger - skip non existing resourceDirectory C:\Users\arthu\Desktop\ASI_new\Users\SPWebAppUser\src\test\resources
2022-06-04 12:47:02,339 [Worker-36: Launching SpAppUser] INFO  o.e.m.c.i.embedder.EclipseLogger - Using 'UTF-8' encoding to copy filtered resources.
2022-06-04 12:47:02,351 [Worker-36: Launching SpAppUser] INFO  o.e.m.c.i.embedder.EclipseLogger - Copying 1 resource
2022-06-04 12:47:02,364 [Worker-36: Launching SpAppUser] INFO  o.e.m.c.i.embedder.EclipseLogger - Copying 165 resources
2022-06-04 12:47:02,380 [Worker-36: Launching SpAppUser] INFO  o.e.m.c.i.embedder.EclipseLogger - Using 'UTF-8' encoding to copy filtered resources.
2022-06-04 12:47:02,380 [Worker-36: Launching SpAppUser] INFO  o.e.m.c.i.embedder.EclipseLogger - skip non existing resourceDirectory C:\Users\arthu\Desktop\ASI_new\Users\SPWebAppUser\src\test\resources
2022-06-04 12:48:42,267 [Worker-29: Building] INFO  o.e.m.c.i.embedder.EclipseLogger - Using 'UTF-8' encoding to copy filtered resources.
2022-06-04 12:48:42,279 [Worker-29: Building] INFO  o.e.m.c.i.embedder.EclipseLogger - Copying 1 resource
2022-06-04 12:48:42,292 [Worker-29: Building] INFO  o.e.m.c.i.embedder.EclipseLogger - Copying 165 resources
2022-06-04 12:48:42,308 [Worker-29: Building] INFO  o.e.m.c.i.embedder.EclipseLogger - Using 'UTF-8' encoding to copy filtered resources.
2022-06-04 12:48:42,309 [Worker-29: Building] INFO  o.e.m.c.i.embedder.EclipseLogger - skip non existing resourceDirectory C:\Users\arthu\Desktop\ASI_new\Users\SPWebAppUser\src\test\resources
2022-06-04 12:50:47,761 [Worker-39: Building] INFO  o.e.m.c.i.embedder.EclipseLogger - Using 'UTF-8' encoding to copy filtered resources.
2022-06-04 12:50:47,781 [Worker-39: Building] INFO  o.e.m.c.i.embedder.EclipseLogger - Copying 1 resource
2022-06-04 12:50:47,799 [Worker-39: Building] INFO  o.e.m.c.i.embedder.EclipseLogger - Copying 165 resources
2022-06-04 12:50:47,819 [Worker-39: Building] INFO  o.e.m.c.i.embedder.EclipseLogger - Using 'UTF-8' encoding to copy filtered resources.
2022-06-04 12:50:47,820 [Worker-39: Building] INFO  o.e.m.c.i.embedder.EclipseLogger - skip non existing resourceDirectory C:\Users\arthu\Desktop\ASI_new\Users\SPWebAppUser\src\test\resources
2022-06-04 12:51:01,138 [Worker-39: Building] INFO  o.e.m.c.i.embedder.EclipseLogger - Using 'UTF-8' encoding to copy filtered resources.
2022-06-04 12:51:01,151 [Worker-39: Building] INFO  o.e.m.c.i.embedder.EclipseLogger - Copying 1 resource
2022-06-04 12:51:01,165 [Worker-39: Building] INFO  o.e.m.c.i.embedder.EclipseLogger - Copying 165 resources
2022-06-04 12:51:01,181 [Worker-39: Building] INFO  o.e.m.c.i.embedder.EclipseLogger - Using 'UTF-8' encoding to copy filtered resources.
2022-06-04 12:51:01,181 [Worker-39: Building] INFO  o.e.m.c.i.embedder.EclipseLogger - skip non existing resourceDirectory C:\Users\arthu\Desktop\ASI_new\Users\SPWebAppUser\src\test\resources
2022-06-04 12:51:42,487 [Worker-29: Building] INFO  o.e.m.c.i.embedder.EclipseLogger - Using 'UTF-8' encoding to copy filtered resources.
2022-06-04 12:51:42,500 [Worker-29: Building] INFO  o.e.m.c.i.embedder.EclipseLogger - Copying 1 resource
2022-06-04 12:51:42,518 [Worker-29: Building] INFO  o.e.m.c.i.embedder.EclipseLogger - Copying 165 resources
2022-06-04 12:51:42,535 [Worker-29: Building] INFO  o.e.m.c.i.embedder.EclipseLogger - Using 'UTF-8' encoding to copy filtered resources.
2022-06-04 12:51:42,535 [Worker-29: Building] INFO  o.e.m.c.i.embedder.EclipseLogger - skip non existing resourceDirectory C:\Users\arthu\Desktop\ASI_new\Users\SPWebAppUser\src\test\resources
2022-06-04 12:52:12,043 [Worker-30: Building] INFO  o.e.m.c.i.embedder.EclipseLogger - Using 'UTF-8' encoding to copy filtered resources.
2022-06-04 12:52:12,056 [Worker-30: Building] INFO  o.e.m.c.i.embedder.EclipseLogger - Copying 1 resource
2022-06-04 12:52:12,073 [Worker-30: Building] INFO  o.e.m.c.i.embedder.EclipseLogger - Copying 165 resources
2022-06-04 12:52:12,090 [Worker-30: Building] INFO  o.e.m.c.i.embedder.EclipseLogger - Using 'UTF-8' encoding to copy filtered resources.
2022-06-04 12:52:12,090 [Worker-30: Building] INFO  o.e.m.c.i.embedder.EclipseLogger - skip non existing resourceDirectory C:\Users\arthu\Desktop\ASI_new\Users\SPWebAppUser\src\test\resources
2022-06-04 12:54:36,055 [Worker-29: Building] INFO  o.e.m.c.i.embedder.EclipseLogger - Using 'UTF-8' encoding to copy filtered resources.
2022-06-04 12:54:36,067 [Worker-29: Building] INFO  o.e.m.c.i.embedder.EclipseLogger - Copying 1 resource
2022-06-04 12:54:36,087 [Worker-29: Building] INFO  o.e.m.c.i.embedder.EclipseLogger - Copying 165 resources
2022-06-04 12:54:36,103 [Worker-29: Building] INFO  o.e.m.c.i.embedder.EclipseLogger - Using 'UTF-8' encoding to copy filtered resources.
2022-06-04 12:54:36,103 [Worker-29: Building] INFO  o.e.m.c.i.embedder.EclipseLogger - skip non existing resourceDirectory C:\Users\arthu\Desktop\ASI_new\Users\SPWebAppUser\src\test\resources
2022-06-04 12:54:53,620 [Worker-29: Building] INFO  o.e.m.c.i.embedder.EclipseLogger - Using 'UTF-8' encoding to copy filtered resources.
2022-06-04 12:54:53,632 [Worker-29: Building] INFO  o.e.m.c.i.embedder.EclipseLogger - Copying 1 resource
2022-06-04 12:54:53,647 [Worker-29: Building] INFO  o.e.m.c.i.embedder.EclipseLogger - Copying 165 resources
2022-06-04 12:54:53,665 [Worker-29: Building] INFO  o.e.m.c.i.embedder.EclipseLogger - Using 'UTF-8' encoding to copy filtered resources.
2022-06-04 12:54:53,665 [Worker-29: Building] INFO  o.e.m.c.i.embedder.EclipseLogger - skip non existing resourceDirectory C:\Users\arthu\Desktop\ASI_new\Users\SPWebAppUser\src\test\resources
2022-06-04 12:55:22,007 [Worker-36: Building] INFO  o.e.m.c.i.embedder.EclipseLogger - Using 'UTF-8' encoding to copy filtered resources.
2022-06-04 12:55:22,019 [Worker-36: Building] INFO  o.e.m.c.i.embedder.EclipseLogger - Copying 1 resource
2022-06-04 12:55:22,032 [Worker-36: Building] INFO  o.e.m.c.i.embedder.EclipseLogger - Copying 165 resources
2022-06-04 12:55:22,048 [Worker-36: Building] INFO  o.e.m.c.i.embedder.EclipseLogger - Using 'UTF-8' encoding to copy filtered resources.
2022-06-04 12:55:22,048 [Worker-36: Building] INFO  o.e.m.c.i.embedder.EclipseLogger - skip non existing resourceDirectory C:\Users\arthu\Desktop\ASI_new\Users\SPWebAppUser\src\test\resources
2022-06-04 12:56:56,468 [Worker-36: Building] INFO  o.e.m.c.i.embedder.EclipseLogger - Using 'UTF-8' encoding to copy filtered resources.
2022-06-04 12:56:56,508 [Worker-36: Building] INFO  o.e.m.c.i.embedder.EclipseLogger - Copying 1 resource
2022-06-04 12:56:56,531 [Worker-36: Building] INFO  o.e.m.c.i.embedder.EclipseLogger - Copying 165 resources
2022-06-04 12:56:56,552 [Worker-36: Building] INFO  o.e.m.c.i.embedder.EclipseLogger - Using 'UTF-8' encoding to copy filtered resources.
2022-06-04 12:56:56,553 [Worker-36: Building] INFO  o.e.m.c.i.embedder.EclipseLogger - skip non existing resourceDirectory C:\Users\arthu\Desktop\ASI_new\Users\SPWebAppUser\src\test\resources
2022-06-04 12:58:20,678 [Worker-39: Download sources and javadoc] INFO  o.e.m.c.i.e.AbstractTransferListenerAdapter - Downloading https://repo.maven.apache.org/maven2/org/springframework/data/spring-data-commons/2.1.10.RELEASE/spring-data-commons-2.1.10.RELEASE-sources.jar
2022-06-04 12:58:20,964 [Worker-39: Download sources and javadoc] INFO  o.e.m.c.i.e.AbstractTransferListenerAdapter - Downloaded https://repo.maven.apache.org/maven2/org/springframework/data/spring-data-commons/2.1.10.RELEASE/spring-data-commons-2.1.10.RELEASE-sources.jar
2022-06-04 12:58:21,077 [Worker-39: Download sources and javadoc] INFO  o.e.m.j.internal.DownloadSourcesJob - Downloaded sources for org.springframework.data:spring-data-commons:2.1.10.RELEASE
2022-06-04 12:58:21,389 [Worker-41: Building] INFO  o.e.m.c.i.embedder.EclipseLogger - Using 'UTF-8' encoding to copy filtered resources.
2022-06-04 12:58:21,390 [Worker-41: Building] INFO  o.e.m.c.i.embedder.EclipseLogger - Copying 0 resource
2022-06-04 12:58:21,390 [Worker-41: Building] INFO  o.e.m.c.i.embedder.EclipseLogger - Copying 0 resource
2022-06-04 12:58:21,393 [Worker-41: Building] INFO  o.e.m.c.i.embedder.EclipseLogger - Using 'UTF-8' encoding to copy filtered resources.
2022-06-04 12:58:21,393 [Worker-41: Building] INFO  o.e.m.c.i.embedder.EclipseLogger - skip non existing resourceDirectory C:\Users\arthu\Desktop\ASI_new\Users\SPWebAppUser\src\test\resources
2022-06-04 13:01:19,061 [Worker-36: Building] INFO  o.e.m.c.i.embedder.EclipseLogger - Using 'UTF-8' encoding to copy filtered resources.
2022-06-04 13:01:19,076 [Worker-36: Building] INFO  o.e.m.c.i.embedder.EclipseLogger - Copying 1 resource
2022-06-04 13:01:19,091 [Worker-36: Building] INFO  o.e.m.c.i.embedder.EclipseLogger - Copying 165 resources
2022-06-04 13:01:19,111 [Worker-36: Building] INFO  o.e.m.c.i.embedder.EclipseLogger - Using 'UTF-8' encoding to copy filtered resources.
2022-06-04 13:01:19,112 [Worker-36: Building] INFO  o.e.m.c.i.embedder.EclipseLogger - skip non existing resourceDirectory C:\Users\arthu\Desktop\ASI_new\Users\SPWebAppUser\src\test\resources
2022-06-04 13:02:29,042 [Worker-41: Building] INFO  o.e.m.c.i.embedder.EclipseLogger - Using 'UTF-8' encoding to copy filtered resources.
2022-06-04 13:02:29,053 [Worker-41: Building] INFO  o.e.m.c.i.embedder.EclipseLogger - Copying 1 resource
2022-06-04 13:02:29,066 [Worker-41: Building] INFO  o.e.m.c.i.embedder.EclipseLogger - Copying 165 resources
2022-06-04 13:02:29,083 [Worker-41: Building] INFO  o.e.m.c.i.embedder.EclipseLogger - Using 'UTF-8' encoding to copy filtered resources.
2022-06-04 13:02:29,083 [Worker-41: Building] INFO  o.e.m.c.i.embedder.EclipseLogger - skip non existing resourceDirectory C:\Users\arthu\Desktop\ASI_new\Users\SPWebAppUser\src\test\resources
2022-06-04 13:02:34,326 [Worker-41: Building] INFO  o.e.m.c.i.embedder.EclipseLogger - Using 'UTF-8' encoding to copy filtered resources.
2022-06-04 13:02:34,339 [Worker-41: Building] INFO  o.e.m.c.i.embedder.EclipseLogger - Copying 1 resource
2022-06-04 13:02:34,439 [Worker-41: Building] INFO  o.e.m.c.i.embedder.EclipseLogger - Copying 165 resources
2022-06-04 13:02:34,458 [Worker-41: Building] INFO  o.e.m.c.i.embedder.EclipseLogger - Using 'UTF-8' encoding to copy filtered resources.
2022-06-04 13:02:34,458 [Worker-41: Building] INFO  o.e.m.c.i.embedder.EclipseLogger - skip non existing resourceDirectory C:\Users\arthu\Desktop\ASI_new\Users\SPWebAppUser\src\test\resources
2022-06-04 13:02:42,139 [Worker-39: Building] INFO  o.e.m.c.i.embedder.EclipseLogger - Using 'UTF-8' encoding to copy filtered resources.
2022-06-04 13:02:42,153 [Worker-39: Building] INFO  o.e.m.c.i.embedder.EclipseLogger - Copying 1 resource
2022-06-04 13:02:42,167 [Worker-39: Building] INFO  o.e.m.c.i.embedder.EclipseLogger - Copying 165 resources
2022-06-04 13:02:42,184 [Worker-39: Building] INFO  o.e.m.c.i.embedder.EclipseLogger - Using 'UTF-8' encoding to copy filtered resources.
2022-06-04 13:02:42,184 [Worker-39: Building] INFO  o.e.m.c.i.embedder.EclipseLogger - skip non existing resourceDirectory C:\Users\arthu\Desktop\ASI_new\Users\SPWebAppUser\src\test\resources
2022-06-04 13:02:53,471 [Worker-43: Building] INFO  o.e.m.c.i.embedder.EclipseLogger - Using 'UTF-8' encoding to copy filtered resources.
2022-06-04 13:02:53,487 [Worker-43: Building] INFO  o.e.m.c.i.embedder.EclipseLogger - Copying 1 resource
2022-06-04 13:02:53,503 [Worker-43: Building] INFO  o.e.m.c.i.embedder.EclipseLogger - Copying 165 resources
2022-06-04 13:02:53,519 [Worker-43: Building] INFO  o.e.m.c.i.embedder.EclipseLogger - Using 'UTF-8' encoding to copy filtered resources.
2022-06-04 13:02:53,520 [Worker-43: Building] INFO  o.e.m.c.i.embedder.EclipseLogger - skip non existing resourceDirectory C:\Users\arthu\Desktop\ASI_new\Users\SPWebAppUser\src\test\resources
2022-06-04 13:03:44,296 [Worker-39: Building] INFO  o.e.m.c.i.embedder.EclipseLogger - Using 'UTF-8' encoding to copy filtered resources.
2022-06-04 13:03:44,308 [Worker-39: Building] INFO  o.e.m.c.i.embedder.EclipseLogger - Copying 1 resource
2022-06-04 13:03:44,320 [Worker-39: Building] INFO  o.e.m.c.i.embedder.EclipseLogger - Copying 165 resources
2022-06-04 13:03:44,336 [Worker-39: Building] INFO  o.e.m.c.i.embedder.EclipseLogger - Using 'UTF-8' encoding to copy filtered resources.
2022-06-04 13:03:44,336 [Worker-39: Building] INFO  o.e.m.c.i.embedder.EclipseLogger - skip non existing resourceDirectory C:\Users\arthu\Desktop\ASI_new\Users\SPWebAppUser\src\test\resources
2022-06-04 13:05:45,891 [Worker-39: Building] INFO  o.e.m.c.i.embedder.EclipseLogger - Using 'UTF-8' encoding to copy filtered resources.
2022-06-04 13:05:45,907 [Worker-39: Building] INFO  o.e.m.c.i.embedder.EclipseLogger - Copying 1 resource
2022-06-04 13:05:45,921 [Worker-39: Building] INFO  o.e.m.c.i.embedder.EclipseLogger - Copying 165 resources
2022-06-04 13:05:45,937 [Worker-39: Building] INFO  o.e.m.c.i.embedder.EclipseLogger - Using 'UTF-8' encoding to copy filtered resources.
2022-06-04 13:05:45,937 [Worker-39: Building] INFO  o.e.m.c.i.embedder.EclipseLogger - skip non existing resourceDirectory C:\Users\arthu\Desktop\ASI_new\Users\SPWebAppUser\src\test\resources
2022-06-04 13:07:04,897 [Worker-42: Building] INFO  o.e.m.c.i.embedder.EclipseLogger - Using 'UTF-8' encoding to copy filtered resources.
2022-06-04 13:07:04,909 [Worker-42: Building] INFO  o.e.m.c.i.embedder.EclipseLogger - Copying 1 resource
2022-06-04 13:07:04,922 [Worker-42: Building] INFO  o.e.m.c.i.embedder.EclipseLogger - Copying 165 resources
2022-06-04 13:07:04,938 [Worker-42: Building] INFO  o.e.m.c.i.embedder.EclipseLogger - Using 'UTF-8' encoding to copy filtered resources.
2022-06-04 13:07:04,938 [Worker-42: Building] INFO  o.e.m.c.i.embedder.EclipseLogger - skip non existing resourceDirectory C:\Users\arthu\Desktop\ASI_new\Users\SPWebAppUser\src\test\resources
2022-06-04 13:08:28,144 [Worker-42: Building] INFO  o.e.m.c.i.embedder.EclipseLogger - Using 'UTF-8' encoding to copy filtered resources.
2022-06-04 13:08:28,159 [Worker-42: Building] INFO  o.e.m.c.i.embedder.EclipseLogger - Copying 1 resource
2022-06-04 13:08:28,176 [Worker-42: Building] INFO  o.e.m.c.i.embedder.EclipseLogger - Copying 165 resources
2022-06-04 13:08:28,197 [Worker-42: Building] INFO  o.e.m.c.i.embedder.EclipseLogger - Using 'UTF-8' encoding to copy filtered resources.
2022-06-04 13:08:28,197 [Worker-42: Building] INFO  o.e.m.c.i.embedder.EclipseLogger - skip non existing resourceDirectory C:\Users\arthu\Desktop\ASI_new\Users\SPWebAppUser\src\test\resources
2022-06-04 13:10:42,507 [Worker-44: Building] INFO  o.e.m.c.i.embedder.EclipseLogger - Using 'UTF-8' encoding to copy filtered resources.
2022-06-04 13:10:42,524 [Worker-44: Building] INFO  o.e.m.c.i.embedder.EclipseLogger - Copying 1 resource
2022-06-04 13:10:42,538 [Worker-44: Building] INFO  o.e.m.c.i.embedder.EclipseLogger - Copying 165 resources
2022-06-04 13:10:42,554 [Worker-44: Building] INFO  o.e.m.c.i.embedder.EclipseLogger - Using 'UTF-8' encoding to copy filtered resources.
2022-06-04 13:10:42,554 [Worker-44: Building] INFO  o.e.m.c.i.embedder.EclipseLogger - skip non existing resourceDirectory C:\Users\arthu\Desktop\ASI_new\Users\SPWebAppUser\src\test\resources
2022-06-04 13:17:22,663 [Worker-46: Building] INFO  o.e.m.c.i.embedder.EclipseLogger - Using 'UTF-8' encoding to copy filtered resources.
2022-06-04 13:17:22,664 [Worker-46: Building] INFO  o.e.m.c.i.embedder.EclipseLogger - Copying 0 resource
2022-06-04 13:17:22,665 [Worker-46: Building] INFO  o.e.m.c.i.embedder.EclipseLogger - Copying 0 resource
2022-06-04 13:17:22,667 [Worker-46: Building] INFO  o.e.m.c.i.embedder.EclipseLogger - Using 'UTF-8' encoding to copy filtered resources.
2022-06-04 13:17:22,667 [Worker-46: Building] INFO  o.e.m.c.i.embedder.EclipseLogger - skip non existing resourceDirectory C:\Users\arthu\Desktop\ASI_new\Users\SPWebAppUser\src\test\resources
2022-06-04 13:19:59,366 [Worker-47: Building] INFO  o.e.m.c.i.embedder.EclipseLogger - Using 'UTF-8' encoding to copy filtered resources.
2022-06-04 13:19:59,366 [Worker-47: Building] INFO  o.e.m.c.i.embedder.EclipseLogger - Copying 0 resource
2022-06-04 13:19:59,366 [Worker-47: Building] INFO  o.e.m.c.i.embedder.EclipseLogger - Copying 1 resource
2022-06-04 13:19:59,366 [Worker-47: Building] INFO  o.e.m.c.i.embedder.EclipseLogger - Using 'UTF-8' encoding to copy filtered resources.
2022-06-04 13:19:59,366 [Worker-47: Building] INFO  o.e.m.c.i.embedder.EclipseLogger - skip non existing resourceDirectory C:\Users\arthu\Desktop\ASI_new\Users\SPWebAppUser\src\test\resources
2022-06-04 13:20:00,371 [Worker-47: Building] INFO  o.e.m.c.i.embedder.EclipseLogger - Using 'UTF-8' encoding to copy filtered resources.
2022-06-04 13:20:00,371 [Worker-47: Building] INFO  o.e.m.c.i.embedder.EclipseLogger - Copying 0 resource
2022-06-04 13:20:00,371 [Worker-47: Building] INFO  o.e.m.c.i.embedder.EclipseLogger - Copying 1 resource
2022-06-04 13:20:00,371 [Worker-47: Building] INFO  o.e.m.c.i.embedder.EclipseLogger - Using 'UTF-8' encoding to copy filtered resources.
2022-06-04 13:20:00,387 [Worker-47: Building] INFO  o.e.m.c.i.embedder.EclipseLogger - skip non existing resourceDirectory C:\Users\arthu\Desktop\ASI_new\Users\SPWebAppUser\src\test\resources
2022-06-04 13:25:43,603 [Worker-52: Building] INFO  o.e.m.c.i.embedder.EclipseLogger - Using 'UTF-8' encoding to copy filtered resources.
2022-06-04 13:25:43,616 [Worker-52: Building] INFO  o.e.m.c.i.embedder.EclipseLogger - Copying 1 resource
2022-06-04 13:25:43,629 [Worker-52: Building] INFO  o.e.m.c.i.embedder.EclipseLogger - Copying 167 resources
2022-06-04 13:25:43,658 [Worker-52: Building] INFO  o.e.m.c.i.embedder.EclipseLogger - Using 'UTF-8' encoding to copy filtered resources.
2022-06-04 13:25:43,658 [Worker-52: Building] INFO  o.e.m.c.i.embedder.EclipseLogger - skip non existing resourceDirectory C:\Users\arthu\Desktop\ASI_new\Users\SPWebAppUser\src\test\resources
2022-06-04 13:25:52,968 [Worker-51: Building] INFO  o.e.m.c.i.embedder.EclipseLogger - Using 'UTF-8' encoding to copy filtered resources.
2022-06-04 13:25:52,968 [Worker-51: Building] INFO  o.e.m.c.i.embedder.EclipseLogger - Copying 0 resource
2022-06-04 13:25:52,970 [Worker-51: Building] INFO  o.e.m.c.i.embedder.EclipseLogger - Copying 1 resource
2022-06-04 13:25:52,971 [Worker-51: Building] INFO  o.e.m.c.i.embedder.EclipseLogger - Using 'UTF-8' encoding to copy filtered resources.
2022-06-04 13:25:52,971 [Worker-51: Building] INFO  o.e.m.c.i.embedder.EclipseLogger - skip non existing resourceDirectory C:\Users\arthu\Desktop\ASI_new\Users\SPWebAppUser\src\test\resources
2022-06-04 13:26:00,547 [Worker-53: Building] INFO  o.e.m.c.i.embedder.EclipseLogger - Using 'UTF-8' encoding to copy filtered resources.
2022-06-04 13:26:00,561 [Worker-53: Building] INFO  o.e.m.c.i.embedder.EclipseLogger - Copying 1 resource
2022-06-04 13:26:00,575 [Worker-53: Building] INFO  o.e.m.c.i.embedder.EclipseLogger - Copying 167 resources
2022-06-04 13:26:00,591 [Worker-53: Building] INFO  o.e.m.c.i.embedder.EclipseLogger - Using 'UTF-8' encoding to copy filtered resources.
2022-06-04 13:26:00,592 [Worker-53: Building] INFO  o.e.m.c.i.embedder.EclipseLogger - skip non existing resourceDirectory C:\Users\arthu\Desktop\ASI_new\Users\SPWebAppUser\src\test\resources
2022-06-04 13:26:08,872 [Worker-53: Building] INFO  o.e.m.c.i.embedder.EclipseLogger - Using 'UTF-8' encoding to copy filtered resources.
2022-06-04 13:26:08,873 [Worker-53: Building] INFO  o.e.m.c.i.embedder.EclipseLogger - Copying 0 resource
2022-06-04 13:26:08,873 [Worker-53: Building] INFO  o.e.m.c.i.embedder.EclipseLogger - Copying 2 resources
2022-06-04 13:26:08,875 [Worker-53: Building] INFO  o.e.m.c.i.embedder.EclipseLogger - Using 'UTF-8' encoding to copy filtered resources.
2022-06-04 13:26:08,875 [Worker-53: Building] INFO  o.e.m.c.i.embedder.EclipseLogger - skip non existing resourceDirectory C:\Users\arthu\Desktop\ASI_new\Users\SPWebAppUser\src\test\resources
2022-06-04 13:28:19,859 [Worker-54: Building] INFO  o.e.m.c.i.embedder.EclipseLogger - Using 'UTF-8' encoding to copy filtered resources.
2022-06-04 13:28:19,859 [Worker-54: Building] INFO  o.e.m.c.i.embedder.EclipseLogger - Copying 0 resource
2022-06-04 13:28:19,860 [Worker-54: Building] INFO  o.e.m.c.i.embedder.EclipseLogger - Copying 2 resources
2022-06-04 13:28:19,866 [Worker-54: Building] INFO  o.e.m.c.i.embedder.EclipseLogger - Using 'UTF-8' encoding to copy filtered resources.
2022-06-04 13:28:19,866 [Worker-54: Building] INFO  o.e.m.c.i.embedder.EclipseLogger - skip non existing resourceDirectory C:\Users\arthu\Desktop\ASI_new\Users\SPWebAppUser\src\test\resources
2022-06-04 13:28:51,082 [Worker-40: Building] INFO  o.e.m.c.i.embedder.EclipseLogger - Using 'UTF-8' encoding to copy filtered resources.
2022-06-04 13:28:51,095 [Worker-40: Building] INFO  o.e.m.c.i.embedder.EclipseLogger - Copying 1 resource
2022-06-04 13:28:51,109 [Worker-40: Building] INFO  o.e.m.c.i.embedder.EclipseLogger - Copying 167 resources
2022-06-04 13:28:51,125 [Worker-40: Building] INFO  o.e.m.c.i.embedder.EclipseLogger - Using 'UTF-8' encoding to copy filtered resources.
2022-06-04 13:28:51,125 [Worker-40: Building] INFO  o.e.m.c.i.embedder.EclipseLogger - skip non existing resourceDirectory C:\Users\arthu\Desktop\ASI_new\Users\SPWebAppUser\src\test\resources
2022-06-04 13:32:52,231 [Worker-40: Building] INFO  o.e.m.c.i.embedder.EclipseLogger - Using 'UTF-8' encoding to copy filtered resources.
2022-06-04 13:32:52,231 [Worker-40: Building] INFO  o.e.m.c.i.embedder.EclipseLogger - Copying 0 resource
2022-06-04 13:32:52,231 [Worker-40: Building] INFO  o.e.m.c.i.embedder.EclipseLogger - Copying 1 resource
2022-06-04 13:32:52,236 [Worker-40: Building] INFO  o.e.m.c.i.embedder.EclipseLogger - Using 'UTF-8' encoding to copy filtered resources.
2022-06-04 13:32:52,236 [Worker-40: Building] INFO  o.e.m.c.i.embedder.EclipseLogger - skip non existing resourceDirectory C:\Users\arthu\Desktop\ASI_new\Users\SPWebAppUser\src\test\resources
2022-06-04 13:32:53,249 [Worker-40: Building] INFO  o.e.m.c.i.embedder.EclipseLogger - Using 'UTF-8' encoding to copy filtered resources.
2022-06-04 13:32:53,249 [Worker-40: Building] INFO  o.e.m.c.i.embedder.EclipseLogger - Copying 0 resource
2022-06-04 13:32:53,250 [Worker-40: Building] INFO  o.e.m.c.i.embedder.EclipseLogger - Copying 1 resource
2022-06-04 13:32:53,253 [Worker-40: Building] INFO  o.e.m.c.i.embedder.EclipseLogger - Using 'UTF-8' encoding to copy filtered resources.
2022-06-04 13:32:53,253 [Worker-40: Building] INFO  o.e.m.c.i.embedder.EclipseLogger - skip non existing resourceDirectory C:\Users\arthu\Desktop\ASI_new\Users\SPWebAppUser\src\test\resources
2022-06-04 13:55:11,846 [Worker-59: Building] INFO  o.e.m.c.i.embedder.EclipseLogger - Using 'UTF-8' encoding to copy filtered resources.
2022-06-04 13:55:11,847 [Worker-59: Building] INFO  o.e.m.c.i.embedder.EclipseLogger - Copying 0 resource
2022-06-04 13:55:11,847 [Worker-59: Building] INFO  o.e.m.c.i.embedder.EclipseLogger - Copying 1 resource
2022-06-04 13:55:11,851 [Worker-59: Building] INFO  o.e.m.c.i.embedder.EclipseLogger - Using 'UTF-8' encoding to copy filtered resources.
2022-06-04 13:55:11,851 [Worker-59: Building] INFO  o.e.m.c.i.embedder.EclipseLogger - skip non existing resourceDirectory C:\Users\arthu\Desktop\ASI_new\Users\SPWebAppUser\src\test\resources
2022-06-04 13:55:12,912 [Worker-59: Building] INFO  o.e.m.c.i.embedder.EclipseLogger - Using 'UTF-8' encoding to copy filtered resources.
2022-06-04 13:55:12,912 [Worker-59: Building] INFO  o.e.m.c.i.embedder.EclipseLogger - Copying 0 resource
2022-06-04 13:55:12,912 [Worker-59: Building] INFO  o.e.m.c.i.embedder.EclipseLogger - Copying 1 resource
2022-06-04 13:55:12,916 [Worker-59: Building] INFO  o.e.m.c.i.embedder.EclipseLogger - Using 'UTF-8' encoding to copy filtered resources.
2022-06-04 13:55:12,916 [Worker-59: Building] INFO  o.e.m.c.i.embedder.EclipseLogger - skip non existing resourceDirectory C:\Users\arthu\Desktop\ASI_new\Users\SPWebAppUser\src\test\resources
2022-06-04 13:56:32,815 [Worker-60: Launching SpAppUser] INFO  o.e.m.c.i.embedder.EclipseLogger - Using 'UTF-8' encoding to copy filtered resources.
2022-06-04 13:56:32,828 [Worker-60: Launching SpAppUser] INFO  o.e.m.c.i.embedder.EclipseLogger - Copying 1 resource
2022-06-04 13:56:32,841 [Worker-60: Launching SpAppUser] INFO  o.e.m.c.i.embedder.EclipseLogger - Copying 167 resources
2022-06-04 13:56:32,860 [Worker-60: Launching SpAppUser] INFO  o.e.m.c.i.embedder.EclipseLogger - Using 'UTF-8' encoding to copy filtered resources.
2022-06-04 13:56:32,860 [Worker-60: Launching SpAppUser] INFO  o.e.m.c.i.embedder.EclipseLogger - skip non existing resourceDirectory C:\Users\arthu\Desktop\ASI_new\Users\SPWebAppUser\src\test\resources
2022-06-04 13:57:42,077 [Worker-60: Building] INFO  o.e.m.c.i.embedder.EclipseLogger - Using 'UTF-8' encoding to copy filtered resources.
2022-06-04 13:57:42,077 [Worker-60: Building] INFO  o.e.m.c.i.embedder.EclipseLogger - Copying 0 resource
2022-06-04 13:57:42,078 [Worker-60: Building] INFO  o.e.m.c.i.embedder.EclipseLogger - Copying 1 resource
2022-06-04 13:57:42,082 [Worker-60: Building] INFO  o.e.m.c.i.embedder.EclipseLogger - Using 'UTF-8' encoding to copy filtered resources.
2022-06-04 13:57:42,082 [Worker-60: Building] INFO  o.e.m.c.i.embedder.EclipseLogger - skip non existing resourceDirectory C:\Users\arthu\Desktop\ASI_new\Users\SPWebAppUser\src\test\resources
2022-06-04 13:59:02,874 [Worker-63: Building] INFO  o.e.m.c.i.embedder.EclipseLogger - Using 'UTF-8' encoding to copy filtered resources.
2022-06-04 13:59:02,874 [Worker-63: Building] INFO  o.e.m.c.i.embedder.EclipseLogger - Copying 0 resource
2022-06-04 13:59:02,874 [Worker-63: Building] INFO  o.e.m.c.i.embedder.EclipseLogger - Copying 1 resource
2022-06-04 13:59:02,878 [Worker-63: Building] INFO  o.e.m.c.i.embedder.EclipseLogger - Using 'UTF-8' encoding to copy filtered resources.
2022-06-04 13:59:02,878 [Worker-63: Building] INFO  o.e.m.c.i.embedder.EclipseLogger - skip non existing resourceDirectory C:\Users\arthu\Desktop\ASI_new\Users\SPWebAppUser\src\test\resources
2022-06-04 14:02:14,819 [Worker-65: Building] INFO  o.e.m.c.i.embedder.EclipseLogger - Using 'UTF-8' encoding to copy filtered resources.
2022-06-04 14:02:14,820 [Worker-65: Building] INFO  o.e.m.c.i.embedder.EclipseLogger - Copying 0 resource
2022-06-04 14:02:14,820 [Worker-65: Building] INFO  o.e.m.c.i.embedder.EclipseLogger - Copying 1 resource
2022-06-04 14:02:14,824 [Worker-65: Building] INFO  o.e.m.c.i.embedder.EclipseLogger - Using 'UTF-8' encoding to copy filtered resources.
2022-06-04 14:02:14,824 [Worker-65: Building] INFO  o.e.m.c.i.embedder.EclipseLogger - skip non existing resourceDirectory C:\Users\arthu\Desktop\ASI_new\Users\SPWebAppUser\src\test\resources
2022-06-04 14:06:05,695 [Worker-65: Building] INFO  o.e.m.c.i.embedder.EclipseLogger - Using 'UTF-8' encoding to copy filtered resources.
2022-06-04 14:06:05,710 [Worker-65: Building] INFO  o.e.m.c.i.embedder.EclipseLogger - Copying 1 resource
2022-06-04 14:06:05,728 [Worker-65: Building] INFO  o.e.m.c.i.embedder.EclipseLogger - Copying 167 resources
2022-06-04 14:06:05,749 [Worker-65: Building] INFO  o.e.m.c.i.embedder.EclipseLogger - Using 'UTF-8' encoding to copy filtered resources.
2022-06-04 14:06:05,750 [Worker-65: Building] INFO  o.e.m.c.i.embedder.EclipseLogger - skip non existing resourceDirectory C:\Users\arthu\Desktop\ASI_new\Users\SPWebAppUser\src\test\resources
2022-06-04 14:06:19,879 [Worker-64: Building] INFO  o.e.m.c.i.embedder.EclipseLogger - Using 'UTF-8' encoding to copy filtered resources.
2022-06-04 14:06:19,879 [Worker-64: Building] INFO  o.e.m.c.i.embedder.EclipseLogger - Copying 0 resource
2022-06-04 14:06:19,879 [Worker-64: Building] INFO  o.e.m.c.i.embedder.EclipseLogger - Copying 1 resource
2022-06-04 14:06:19,884 [Worker-64: Building] INFO  o.e.m.c.i.embedder.EclipseLogger - Using 'UTF-8' encoding to copy filtered resources.
2022-06-04 14:06:19,884 [Worker-64: Building] INFO  o.e.m.c.i.embedder.EclipseLogger - skip non existing resourceDirectory C:\Users\arthu\Desktop\ASI_new\Users\SPWebAppUser\src\test\resources
2022-06-04 14:08:35,870 [Worker-67: Building] INFO  o.e.m.c.i.embedder.EclipseLogger - Using 'UTF-8' encoding to copy filtered resources.
2022-06-04 14:08:35,870 [Worker-67: Building] INFO  o.e.m.c.i.embedder.EclipseLogger - Copying 0 resource
2022-06-04 14:08:35,871 [Worker-67: Building] INFO  o.e.m.c.i.embedder.EclipseLogger - Copying 1 resource
2022-06-04 14:08:35,875 [Worker-67: Building] INFO  o.e.m.c.i.embedder.EclipseLogger - Using 'UTF-8' encoding to copy filtered resources.
2022-06-04 14:08:35,875 [Worker-67: Building] INFO  o.e.m.c.i.embedder.EclipseLogger - skip non existing resourceDirectory C:\Users\arthu\Desktop\ASI_new\Users\SPWebAppUser\src\test\resources
2022-06-04 14:26:48,784 [Worker-71: Building] INFO  o.e.m.c.i.embedder.EclipseLogger - Using 'UTF-8' encoding to copy filtered resources.
2022-06-04 14:26:48,784 [Worker-71: Building] INFO  o.e.m.c.i.embedder.EclipseLogger - Copying 0 resource
2022-06-04 14:26:48,785 [Worker-71: Building] INFO  o.e.m.c.i.embedder.EclipseLogger - Copying 1 resource
2022-06-04 14:26:48,788 [Worker-71: Building] INFO  o.e.m.c.i.embedder.EclipseLogger - Using 'UTF-8' encoding to copy filtered resources.
2022-06-04 14:26:48,789 [Worker-71: Building] INFO  o.e.m.c.i.embedder.EclipseLogger - skip non existing resourceDirectory C:\Users\arthu\Desktop\ASI_new\Users\SPWebAppUser\src\test\resources
2022-06-04 14:26:49,810 [Worker-72: Building] INFO  o.e.m.c.i.embedder.EclipseLogger - Using 'UTF-8' encoding to copy filtered resources.
2022-06-04 14:26:49,811 [Worker-72: Building] INFO  o.e.m.c.i.embedder.EclipseLogger - Copying 0 resource
2022-06-04 14:26:49,811 [Worker-72: Building] INFO  o.e.m.c.i.embedder.EclipseLogger - Copying 1 resource
2022-06-04 14:26:49,814 [Worker-72: Building] INFO  o.e.m.c.i.embedder.EclipseLogger - Using 'UTF-8' encoding to copy filtered resources.
2022-06-04 14:26:49,815 [Worker-72: Building] INFO  o.e.m.c.i.embedder.EclipseLogger - skip non existing resourceDirectory C:\Users\arthu\Desktop\ASI_new\Users\SPWebAppUser\src\test\resources
2022-06-04 14:29:29,041 [Worker-74: Building] INFO  o.e.m.c.i.embedder.EclipseLogger - Using 'UTF-8' encoding to copy filtered resources.
2022-06-04 14:29:29,041 [Worker-74: Building] INFO  o.e.m.c.i.embedder.EclipseLogger - Copying 0 resource
2022-06-04 14:29:29,041 [Worker-74: Building] INFO  o.e.m.c.i.embedder.EclipseLogger - Copying 1 resource
2022-06-04 14:29:29,045 [Worker-74: Building] INFO  o.e.m.c.i.embedder.EclipseLogger - Using 'UTF-8' encoding to copy filtered resources.
2022-06-04 14:29:29,046 [Worker-74: Building] INFO  o.e.m.c.i.embedder.EclipseLogger - skip non existing resourceDirectory C:\Users\arthu\Desktop\ASI_new\Users\SPWebAppUser\src\test\resources
2022-06-04 14:34:25,634 [Worker-79: Building] INFO  o.e.m.c.i.embedder.EclipseLogger - Using 'UTF-8' encoding to copy filtered resources.
2022-06-04 14:34:25,634 [Worker-79: Building] INFO  o.e.m.c.i.embedder.EclipseLogger - Copying 0 resource
2022-06-04 14:34:25,634 [Worker-79: Building] INFO  o.e.m.c.i.embedder.EclipseLogger - Copying 1 resource
2022-06-04 14:34:25,638 [Worker-79: Building] INFO  o.e.m.c.i.embedder.EclipseLogger - Using 'UTF-8' encoding to copy filtered resources.
2022-06-04 14:34:25,638 [Worker-79: Building] INFO  o.e.m.c.i.embedder.EclipseLogger - skip non existing resourceDirectory C:\Users\arthu\Desktop\ASI_new\Users\SPWebAppUser\src\test\resources
2022-06-04 14:34:26,701 [Worker-71: Building] INFO  o.e.m.c.i.embedder.EclipseLogger - Using 'UTF-8' encoding to copy filtered resources.
2022-06-04 14:34:26,701 [Worker-71: Building] INFO  o.e.m.c.i.embedder.EclipseLogger - Copying 0 resource
2022-06-04 14:34:26,702 [Worker-71: Building] INFO  o.e.m.c.i.embedder.EclipseLogger - Copying 1 resource
2022-06-04 14:34:26,705 [Worker-71: Building] INFO  o.e.m.c.i.embedder.EclipseLogger - Using 'UTF-8' encoding to copy filtered resources.
2022-06-04 14:34:26,705 [Worker-71: Building] INFO  o.e.m.c.i.embedder.EclipseLogger - skip non existing resourceDirectory C:\Users\arthu\Desktop\ASI_new\Users\SPWebAppUser\src\test\resources
2022-06-04 14:35:15,321 [Worker-81: Building] INFO  o.e.m.c.i.embedder.EclipseLogger - Using 'UTF-8' encoding to copy filtered resources.
2022-06-04 14:35:15,321 [Worker-81: Building] INFO  o.e.m.c.i.embedder.EclipseLogger - Copying 0 resource
2022-06-04 14:35:15,321 [Worker-81: Building] INFO  o.e.m.c.i.embedder.EclipseLogger - Copying 1 resource
2022-06-04 14:35:15,326 [Worker-81: Building] INFO  o.e.m.c.i.embedder.EclipseLogger - Using 'UTF-8' encoding to copy filtered resources.
2022-06-04 14:35:15,326 [Worker-81: Building] INFO  o.e.m.c.i.embedder.EclipseLogger - skip non existing resourceDirectory C:\Users\arthu\Desktop\ASI_new\Users\SPWebAppUser\src\test\resources
2022-06-04 14:36:20,933 [Worker-71: Building] INFO  o.e.m.c.i.embedder.EclipseLogger - Using 'UTF-8' encoding to copy filtered resources.
2022-06-04 14:36:20,933 [Worker-71: Building] INFO  o.e.m.c.i.embedder.EclipseLogger - Copying 0 resource
2022-06-04 14:36:20,934 [Worker-71: Building] INFO  o.e.m.c.i.embedder.EclipseLogger - Copying 1 resource
2022-06-04 14:36:20,937 [Worker-71: Building] INFO  o.e.m.c.i.embedder.EclipseLogger - Using 'UTF-8' encoding to copy filtered resources.
2022-06-04 14:36:20,937 [Worker-71: Building] INFO  o.e.m.c.i.embedder.EclipseLogger - skip non existing resourceDirectory C:\Users\arthu\Desktop\ASI_new\Users\SPWebAppUser\src\test\resources
2022-06-04 14:37:32,687 [Worker-82: Building] INFO  o.e.m.c.i.embedder.EclipseLogger - Using 'UTF-8' encoding to copy filtered resources.
2022-06-04 14:37:32,687 [Worker-82: Building] INFO  o.e.m.c.i.embedder.EclipseLogger - Copying 0 resource
2022-06-04 14:37:32,688 [Worker-82: Building] INFO  o.e.m.c.i.embedder.EclipseLogger - Copying 1 resource
2022-06-04 14:37:32,692 [Worker-82: Building] INFO  o.e.m.c.i.embedder.EclipseLogger - Using 'UTF-8' encoding to copy filtered resources.
2022-06-04 14:37:32,693 [Worker-82: Building] INFO  o.e.m.c.i.embedder.EclipseLogger - skip non existing resourceDirectory C:\Users\arthu\Desktop\ASI_new\Users\SPWebAppUser\src\test\resources
2022-06-04 14:44:21,245 [Worker-80: Building] INFO  o.e.m.c.i.embedder.EclipseLogger - Using 'UTF-8' encoding to copy filtered resources.
2022-06-04 14:44:21,246 [Worker-80: Building] INFO  o.e.m.c.i.embedder.EclipseLogger - Copying 0 resource
2022-06-04 14:44:21,246 [Worker-80: Building] INFO  o.e.m.c.i.embedder.EclipseLogger - Copying 1 resource
2022-06-04 14:44:21,250 [Worker-80: Building] INFO  o.e.m.c.i.embedder.EclipseLogger - Using 'UTF-8' encoding to copy filtered resources.
2022-06-04 14:44:21,250 [Worker-80: Building] INFO  o.e.m.c.i.embedder.EclipseLogger - skip non existing resourceDirectory C:\Users\arthu\Desktop\ASI_new\Users\SPWebAppUser\src\test\resources
2022-06-04 14:46:40,491 [Worker-84: Building] INFO  o.e.m.c.i.embedder.EclipseLogger - Using 'UTF-8' encoding to copy filtered resources.
2022-06-04 14:46:40,492 [Worker-84: Building] INFO  o.e.m.c.i.embedder.EclipseLogger - Copying 0 resource
2022-06-04 14:46:40,492 [Worker-84: Building] INFO  o.e.m.c.i.embedder.EclipseLogger - Copying 1 resource
2022-06-04 14:46:40,497 [Worker-84: Building] INFO  o.e.m.c.i.embedder.EclipseLogger - Using 'UTF-8' encoding to copy filtered resources.
2022-06-04 14:46:40,497 [Worker-84: Building] INFO  o.e.m.c.i.embedder.EclipseLogger - skip non existing resourceDirectory C:\Users\arthu\Desktop\ASI_new\Users\SPWebAppUser\src\test\resources
2022-06-04 14:46:41,520 [Worker-84: Building] INFO  o.e.m.c.i.embedder.EclipseLogger - Using 'UTF-8' encoding to copy filtered resources.
2022-06-04 14:46:41,520 [Worker-84: Building] INFO  o.e.m.c.i.embedder.EclipseLogger - Copying 0 resource
2022-06-04 14:46:41,521 [Worker-84: Building] INFO  o.e.m.c.i.embedder.EclipseLogger - Copying 1 resource
2022-06-04 14:46:41,525 [Worker-84: Building] INFO  o.e.m.c.i.embedder.EclipseLogger - Using 'UTF-8' encoding to copy filtered resources.
2022-06-04 14:46:41,525 [Worker-84: Building] INFO  o.e.m.c.i.embedder.EclipseLogger - skip non existing resourceDirectory C:\Users\arthu\Desktop\ASI_new\Users\SPWebAppUser\src\test\resources
2022-06-04 14:49:32,634 [Worker-88: Building] INFO  o.e.m.c.i.embedder.EclipseLogger - Using 'UTF-8' encoding to copy filtered resources.
2022-06-04 14:49:32,635 [Worker-88: Building] INFO  o.e.m.c.i.embedder.EclipseLogger - Copying 0 resource
2022-06-04 14:49:32,635 [Worker-88: Building] INFO  o.e.m.c.i.embedder.EclipseLogger - Copying 1 resource
2022-06-04 14:49:32,639 [Worker-88: Building] INFO  o.e.m.c.i.embedder.EclipseLogger - Using 'UTF-8' encoding to copy filtered resources.
2022-06-04 14:49:32,639 [Worker-88: Building] INFO  o.e.m.c.i.embedder.EclipseLogger - skip non existing resourceDirectory C:\Users\arthu\Desktop\ASI_new\Users\SPWebAppUser\src\test\resources
2022-06-04 14:51:41,365 [Worker-82: Building] INFO  o.e.m.c.i.embedder.EclipseLogger - Using 'UTF-8' encoding to copy filtered resources.
2022-06-04 14:51:41,365 [Worker-82: Building] INFO  o.e.m.c.i.embedder.EclipseLogger - Copying 0 resource
2022-06-04 14:51:41,366 [Worker-82: Building] INFO  o.e.m.c.i.embedder.EclipseLogger - Copying 1 resource
2022-06-04 14:51:41,369 [Worker-82: Building] INFO  o.e.m.c.i.embedder.EclipseLogger - Using 'UTF-8' encoding to copy filtered resources.
2022-06-04 14:51:41,369 [Worker-82: Building] INFO  o.e.m.c.i.embedder.EclipseLogger - skip non existing resourceDirectory C:\Users\arthu\Desktop\ASI_new\Users\SPWebAppUser\src\test\resources
2022-06-04 14:51:42,383 [Worker-85: Building] INFO  o.e.m.c.i.embedder.EclipseLogger - Using 'UTF-8' encoding to copy filtered resources.
2022-06-04 14:51:42,383 [Worker-85: Building] INFO  o.e.m.c.i.embedder.EclipseLogger - Copying 0 resource
2022-06-04 14:51:42,384 [Worker-85: Building] INFO  o.e.m.c.i.embedder.EclipseLogger - Copying 1 resource
2022-06-04 14:51:42,388 [Worker-85: Building] INFO  o.e.m.c.i.embedder.EclipseLogger - Using 'UTF-8' encoding to copy filtered resources.
2022-06-04 14:51:42,388 [Worker-85: Building] INFO  o.e.m.c.i.embedder.EclipseLogger - skip non existing resourceDirectory C:\Users\arthu\Desktop\ASI_new\Users\SPWebAppUser\src\test\resources
2022-06-04 14:55:20,808 [Worker-91: Building] INFO  o.e.m.c.i.embedder.EclipseLogger - Using 'UTF-8' encoding to copy filtered resources.
2022-06-04 14:55:20,808 [Worker-91: Building] INFO  o.e.m.c.i.embedder.EclipseLogger - Copying 0 resource
2022-06-04 14:55:20,808 [Worker-91: Building] INFO  o.e.m.c.i.embedder.EclipseLogger - Copying 1 resource
2022-06-04 14:55:20,812 [Worker-91: Building] INFO  o.e.m.c.i.embedder.EclipseLogger - Using 'UTF-8' encoding to copy filtered resources.
2022-06-04 14:55:20,813 [Worker-91: Building] INFO  o.e.m.c.i.embedder.EclipseLogger - skip non existing resourceDirectory C:\Users\arthu\Desktop\ASI_new\Users\SPWebAppUser\src\test\resources
2022-06-04 14:55:49,883 [Worker-91: Building] INFO  o.e.m.c.i.embedder.EclipseLogger - Using 'UTF-8' encoding to copy filtered resources.
2022-06-04 14:55:49,883 [Worker-91: Building] INFO  o.e.m.c.i.embedder.EclipseLogger - Copying 0 resource
2022-06-04 14:55:49,884 [Worker-91: Building] INFO  o.e.m.c.i.embedder.EclipseLogger - Copying 1 resource
2022-06-04 14:55:49,889 [Worker-91: Building] INFO  o.e.m.c.i.embedder.EclipseLogger - Using 'UTF-8' encoding to copy filtered resources.
2022-06-04 14:55:49,889 [Worker-91: Building] INFO  o.e.m.c.i.embedder.EclipseLogger - skip non existing resourceDirectory C:\Users\arthu\Desktop\ASI_new\Users\SPWebAppUser\src\test\resources
2022-06-04 14:59:09,721 [Worker-92: Building] INFO  o.e.m.c.i.embedder.EclipseLogger - Using 'UTF-8' encoding to copy filtered resources.
2022-06-04 14:59:09,721 [Worker-92: Building] INFO  o.e.m.c.i.embedder.EclipseLogger - Copying 0 resource
2022-06-04 14:59:09,721 [Worker-92: Building] INFO  o.e.m.c.i.embedder.EclipseLogger - Copying 1 resource
2022-06-04 14:59:09,725 [Worker-92: Building] INFO  o.e.m.c.i.embedder.EclipseLogger - Using 'UTF-8' encoding to copy filtered resources.
2022-06-04 14:59:09,725 [Worker-92: Building] INFO  o.e.m.c.i.embedder.EclipseLogger - skip non existing resourceDirectory C:\Users\arthu\Desktop\ASI_new\Users\SPWebAppUser\src\test\resources
2022-06-04 15:00:18,036 [Worker-86: Building] INFO  o.e.m.c.i.embedder.EclipseLogger - Using 'UTF-8' encoding to copy filtered resources.
2022-06-04 15:00:18,037 [Worker-86: Building] INFO  o.e.m.c.i.embedder.EclipseLogger - Copying 0 resource
2022-06-04 15:00:18,037 [Worker-86: Building] INFO  o.e.m.c.i.embedder.EclipseLogger - Copying 1 resource
2022-06-04 15:00:18,041 [Worker-86: Building] INFO  o.e.m.c.i.embedder.EclipseLogger - Using 'UTF-8' encoding to copy filtered resources.
2022-06-04 15:00:18,041 [Worker-86: Building] INFO  o.e.m.c.i.embedder.EclipseLogger - skip non existing resourceDirectory C:\Users\arthu\Desktop\ASI_new\Users\SPWebAppUser\src\test\resources
2022-06-04 15:02:37,041 [Worker-95: Building] INFO  o.e.m.c.i.embedder.EclipseLogger - Using 'UTF-8' encoding to copy filtered resources.
2022-06-04 15:02:37,041 [Worker-95: Building] INFO  o.e.m.c.i.embedder.EclipseLogger - Copying 0 resource
2022-06-04 15:02:37,042 [Worker-95: Building] INFO  o.e.m.c.i.embedder.EclipseLogger - Copying 1 resource
2022-06-04 15:02:37,045 [Worker-95: Building] INFO  o.e.m.c.i.embedder.EclipseLogger - Using 'UTF-8' encoding to copy filtered resources.
2022-06-04 15:02:37,046 [Worker-95: Building] INFO  o.e.m.c.i.embedder.EclipseLogger - skip non existing resourceDirectory C:\Users\arthu\Desktop\ASI_new\Users\SPWebAppUser\src\test\resources
2022-06-04 15:04:38,855 [Worker-97: Building] INFO  o.e.m.c.i.embedder.EclipseLogger - Using 'UTF-8' encoding to copy filtered resources.
2022-06-04 15:04:38,856 [Worker-97: Building] INFO  o.e.m.c.i.embedder.EclipseLogger - Copying 0 resource
2022-06-04 15:04:38,856 [Worker-97: Building] INFO  o.e.m.c.i.embedder.EclipseLogger - Copying 1 resource
2022-06-04 15:04:38,859 [Worker-97: Building] INFO  o.e.m.c.i.embedder.EclipseLogger - Using 'UTF-8' encoding to copy filtered resources.
2022-06-04 15:04:38,859 [Worker-97: Building] INFO  o.e.m.c.i.embedder.EclipseLogger - skip non existing resourceDirectory C:\Users\arthu\Desktop\ASI_new\Users\SPWebAppUser\src\test\resources
2022-06-04 15:04:39,870 [Worker-98: Building] INFO  o.e.m.c.i.embedder.EclipseLogger - Using 'UTF-8' encoding to copy filtered resources.
2022-06-04 15:04:39,870 [Worker-98: Building] INFO  o.e.m.c.i.embedder.EclipseLogger - Copying 0 resource
2022-06-04 15:04:39,870 [Worker-98: Building] INFO  o.e.m.c.i.embedder.EclipseLogger - Copying 1 resource
2022-06-04 15:04:39,874 [Worker-98: Building] INFO  o.e.m.c.i.embedder.EclipseLogger - Using 'UTF-8' encoding to copy filtered resources.
2022-06-04 15:04:39,874 [Worker-98: Building] INFO  o.e.m.c.i.embedder.EclipseLogger - skip non existing resourceDirectory C:\Users\arthu\Desktop\ASI_new\Users\SPWebAppUser\src\test\resources
2022-06-04 15:07:27,273 [Worker-95: Building] INFO  o.e.m.c.i.embedder.EclipseLogger - Using 'UTF-8' encoding to copy filtered resources.
2022-06-04 15:07:27,274 [Worker-95: Building] INFO  o.e.m.c.i.embedder.EclipseLogger - Copying 0 resource
2022-06-04 15:07:27,274 [Worker-95: Building] INFO  o.e.m.c.i.embedder.EclipseLogger - Copying 1 resource
2022-06-04 15:07:27,277 [Worker-95: Building] INFO  o.e.m.c.i.embedder.EclipseLogger - Using 'UTF-8' encoding to copy filtered resources.
2022-06-04 15:07:27,277 [Worker-95: Building] INFO  o.e.m.c.i.embedder.EclipseLogger - skip non existing resourceDirectory C:\Users\arthu\Desktop\ASI_new\Users\SPWebAppUser\src\test\resources
2022-06-04 15:08:13,978 [Worker-99: Building] INFO  o.e.m.c.i.embedder.EclipseLogger - Using 'UTF-8' encoding to copy filtered resources.
2022-06-04 15:08:13,979 [Worker-99: Building] INFO  o.e.m.c.i.embedder.EclipseLogger - Copying 0 resource
2022-06-04 15:08:13,979 [Worker-99: Building] INFO  o.e.m.c.i.embedder.EclipseLogger - Copying 1 resource
2022-06-04 15:08:13,982 [Worker-99: Building] INFO  o.e.m.c.i.embedder.EclipseLogger - Using 'UTF-8' encoding to copy filtered resources.
2022-06-04 15:08:13,983 [Worker-99: Building] INFO  o.e.m.c.i.embedder.EclipseLogger - skip non existing resourceDirectory C:\Users\arthu\Desktop\ASI_new\Users\SPWebAppUser\src\test\resources
2022-06-04 15:09:23,686 [Worker-95: Building] INFO  o.e.m.c.i.embedder.EclipseLogger - Using 'UTF-8' encoding to copy filtered resources.
2022-06-04 15:09:23,687 [Worker-95: Building] INFO  o.e.m.c.i.embedder.EclipseLogger - Copying 0 resource
2022-06-04 15:09:23,687 [Worker-95: Building] INFO  o.e.m.c.i.embedder.EclipseLogger - Copying 1 resource
2022-06-04 15:09:23,690 [Worker-95: Building] INFO  o.e.m.c.i.embedder.EclipseLogger - Using 'UTF-8' encoding to copy filtered resources.
2022-06-04 15:09:23,690 [Worker-95: Building] INFO  o.e.m.c.i.embedder.EclipseLogger - skip non existing resourceDirectory C:\Users\arthu\Desktop\ASI_new\Users\SPWebAppUser\src\test\resources
2022-06-04 15:11:52,720 [Worker-101: Building] INFO  o.e.m.c.i.embedder.EclipseLogger - Using 'UTF-8' encoding to copy filtered resources.
2022-06-04 15:11:52,721 [Worker-101: Building] INFO  o.e.m.c.i.embedder.EclipseLogger - Copying 0 resource
2022-06-04 15:11:52,721 [Worker-101: Building] INFO  o.e.m.c.i.embedder.EclipseLogger - Copying 1 resource
2022-06-04 15:11:52,725 [Worker-101: Building] INFO  o.e.m.c.i.embedder.EclipseLogger - Using 'UTF-8' encoding to copy filtered resources.
2022-06-04 15:11:52,726 [Worker-101: Building] INFO  o.e.m.c.i.embedder.EclipseLogger - skip non existing resourceDirectory C:\Users\arthu\Desktop\ASI_new\Users\SPWebAppUser\src\test\resources
2022-06-04 15:11:59,212 [Worker-96: Building] INFO  o.e.m.c.i.embedder.EclipseLogger - Using 'UTF-8' encoding to copy filtered resources.
2022-06-04 15:11:59,212 [Worker-96: Building] INFO  o.e.m.c.i.embedder.EclipseLogger - Copying 0 resource
2022-06-04 15:11:59,212 [Worker-96: Building] INFO  o.e.m.c.i.embedder.EclipseLogger - Copying 1 resource
2022-06-04 15:11:59,216 [Worker-96: Building] INFO  o.e.m.c.i.embedder.EclipseLogger - Using 'UTF-8' encoding to copy filtered resources.
2022-06-04 15:11:59,216 [Worker-96: Building] INFO  o.e.m.c.i.embedder.EclipseLogger - skip non existing resourceDirectory C:\Users\arthu\Desktop\ASI_new\Users\SPWebAppUser\src\test\resources
2022-06-04 15:31:10,529 [Worker-97: Building] INFO  o.e.m.c.i.embedder.EclipseLogger - Using 'UTF-8' encoding to copy filtered resources.
2022-06-04 15:31:10,529 [Worker-97: Building] INFO  o.e.m.c.i.embedder.EclipseLogger - Copying 0 resource
2022-06-04 15:31:10,529 [Worker-97: Building] INFO  o.e.m.c.i.embedder.EclipseLogger - Copying 1 resource
2022-06-04 15:31:10,533 [Worker-97: Building] INFO  o.e.m.c.i.embedder.EclipseLogger - Using 'UTF-8' encoding to copy filtered resources.
2022-06-04 15:31:10,533 [Worker-97: Building] INFO  o.e.m.c.i.embedder.EclipseLogger - skip non existing resourceDirectory C:\Users\arthu\Desktop\ASI_new\Users\SPWebAppUser\src\test\resources
2022-06-04 15:31:11,553 [Worker-106: Building] INFO  o.e.m.c.i.embedder.EclipseLogger - Using 'UTF-8' encoding to copy filtered resources.
2022-06-04 15:31:11,554 [Worker-106: Building] INFO  o.e.m.c.i.embedder.EclipseLogger - Copying 0 resource
2022-06-04 15:31:11,554 [Worker-106: Building] INFO  o.e.m.c.i.embedder.EclipseLogger - Copying 1 resource
2022-06-04 15:31:11,558 [Worker-106: Building] INFO  o.e.m.c.i.embedder.EclipseLogger - Using 'UTF-8' encoding to copy filtered resources.
2022-06-04 15:31:11,558 [Worker-106: Building] INFO  o.e.m.c.i.embedder.EclipseLogger - skip non existing resourceDirectory C:\Users\arthu\Desktop\ASI_new\Users\SPWebAppUser\src\test\resources
2022-06-04 15:32:40,429 [Worker-110: Building] INFO  o.e.m.c.i.embedder.EclipseLogger - Using 'UTF-8' encoding to copy filtered resources.
2022-06-04 15:32:40,430 [Worker-110: Building] INFO  o.e.m.c.i.embedder.EclipseLogger - Copying 0 resource
2022-06-04 15:32:40,430 [Worker-110: Building] INFO  o.e.m.c.i.embedder.EclipseLogger - Copying 1 resource
2022-06-04 15:32:40,434 [Worker-110: Building] INFO  o.e.m.c.i.embedder.EclipseLogger - Using 'UTF-8' encoding to copy filtered resources.
2022-06-04 15:32:40,434 [Worker-110: Building] INFO  o.e.m.c.i.embedder.EclipseLogger - skip non existing resourceDirectory C:\Users\arthu\Desktop\ASI_new\Users\SPWebAppUser\src\test\resources
2022-06-04 15:32:41,459 [Worker-109: Building] INFO  o.e.m.c.i.embedder.EclipseLogger - Using 'UTF-8' encoding to copy filtered resources.
2022-06-04 15:32:41,460 [Worker-109: Building] INFO  o.e.m.c.i.embedder.EclipseLogger - Copying 0 resource
2022-06-04 15:32:41,460 [Worker-109: Building] INFO  o.e.m.c.i.embedder.EclipseLogger - Copying 1 resource
2022-06-04 15:32:41,463 [Worker-109: Building] INFO  o.e.m.c.i.embedder.EclipseLogger - Using 'UTF-8' encoding to copy filtered resources.
2022-06-04 15:32:41,464 [Worker-109: Building] INFO  o.e.m.c.i.embedder.EclipseLogger - skip non existing resourceDirectory C:\Users\arthu\Desktop\ASI_new\Users\SPWebAppUser\src\test\resources
2022-06-04 15:35:16,401 [Worker-106: Building] INFO  o.e.m.c.i.embedder.EclipseLogger - Using 'UTF-8' encoding to copy filtered resources.
2022-06-04 15:35:16,402 [Worker-106: Building] INFO  o.e.m.c.i.embedder.EclipseLogger - Copying 0 resource
2022-06-04 15:35:16,402 [Worker-106: Building] INFO  o.e.m.c.i.embedder.EclipseLogger - Copying 1 resource
2022-06-04 15:35:16,406 [Worker-106: Building] INFO  o.e.m.c.i.embedder.EclipseLogger - Using 'UTF-8' encoding to copy filtered resources.
2022-06-04 15:35:16,406 [Worker-106: Building] INFO  o.e.m.c.i.embedder.EclipseLogger - skip non existing resourceDirectory C:\Users\arthu\Desktop\ASI_new\Users\SPWebAppUser\src\test\resources
2022-06-04 15:36:54,604 [Worker-106: Building] INFO  o.e.m.c.i.embedder.EclipseLogger - Using 'UTF-8' encoding to copy filtered resources.
2022-06-04 15:36:54,604 [Worker-106: Building] INFO  o.e.m.c.i.embedder.EclipseLogger - Copying 0 resource
2022-06-04 15:36:54,604 [Worker-106: Building] INFO  o.e.m.c.i.embedder.EclipseLogger - Copying 1 resource
2022-06-04 15:36:54,608 [Worker-106: Building] INFO  o.e.m.c.i.embedder.EclipseLogger - Using 'UTF-8' encoding to copy filtered resources.
2022-06-04 15:36:54,608 [Worker-106: Building] INFO  o.e.m.c.i.embedder.EclipseLogger - skip non existing resourceDirectory C:\Users\arthu\Desktop\ASI_new\Users\SPWebAppUser\src\test\resources
2022-06-04 16:08:53,201 [Worker-106: Building] INFO  o.e.m.c.i.embedder.EclipseLogger - Using 'UTF-8' encoding to copy filtered resources.
2022-06-04 16:08:53,214 [Worker-106: Building] INFO  o.e.m.c.i.embedder.EclipseLogger - Copying 1 resource
2022-06-04 16:08:53,227 [Worker-106: Building] INFO  o.e.m.c.i.embedder.EclipseLogger - Copying 167 resources
2022-06-04 16:08:53,243 [Worker-106: Building] INFO  o.e.m.c.i.embedder.EclipseLogger - Using 'UTF-8' encoding to copy filtered resources.
2022-06-04 16:08:53,243 [Worker-106: Building] INFO  o.e.m.c.i.embedder.EclipseLogger - skip non existing resourceDirectory C:\Users\arthu\Desktop\ASI_new\Users\SPWebAppUser\src\test\resources
2022-06-04 16:09:18,378 [Worker-120: Building] INFO  o.e.m.c.i.embedder.EclipseLogger - Using 'UTF-8' encoding to copy filtered resources.
2022-06-04 16:09:18,398 [Worker-120: Building] INFO  o.e.m.c.i.embedder.EclipseLogger - Copying 1 resource
2022-06-04 16:09:18,413 [Worker-120: Building] INFO  o.e.m.c.i.embedder.EclipseLogger - Copying 167 resources
2022-06-04 16:09:18,435 [Worker-120: Building] INFO  o.e.m.c.i.embedder.EclipseLogger - Using 'UTF-8' encoding to copy filtered resources.
2022-06-04 16:09:18,435 [Worker-120: Building] INFO  o.e.m.c.i.embedder.EclipseLogger - skip non existing resourceDirectory C:\Users\arthu\Desktop\ASI_new\Users\SPWebAppUser\src\test\resources
2022-06-04 16:09:56,307 [Worker-120: Building] INFO  o.e.m.c.i.embedder.EclipseLogger - Using 'UTF-8' encoding to copy filtered resources.
2022-06-04 16:09:56,320 [Worker-120: Building] INFO  o.e.m.c.i.embedder.EclipseLogger - Copying 1 resource
2022-06-04 16:09:56,334 [Worker-120: Building] INFO  o.e.m.c.i.embedder.EclipseLogger - Copying 167 resources
2022-06-04 16:09:56,352 [Worker-120: Building] INFO  o.e.m.c.i.embedder.EclipseLogger - Using 'UTF-8' encoding to copy filtered resources.
2022-06-04 16:09:56,353 [Worker-120: Building] INFO  o.e.m.c.i.embedder.EclipseLogger - skip non existing resourceDirectory C:\Users\arthu\Desktop\ASI_new\Users\SPWebAppUser\src\test\resources
2022-06-04 16:25:48,629 [Worker-125: Building] INFO  o.e.m.c.i.embedder.EclipseLogger - Using 'UTF-8' encoding to copy filtered resources.
2022-06-04 16:25:48,655 [Worker-125: Building] INFO  o.e.m.c.i.embedder.EclipseLogger - Copying 1 resource
2022-06-04 16:25:48,668 [Worker-125: Building] INFO  o.e.m.c.i.embedder.EclipseLogger - Copying 167 resources
2022-06-04 16:25:48,716 [Worker-125: Building] INFO  o.e.m.c.i.embedder.EclipseLogger - Using 'UTF-8' encoding to copy filtered resources.
2022-06-04 16:25:48,716 [Worker-125: Building] INFO  o.e.m.c.i.embedder.EclipseLogger - skip non existing resourceDirectory C:\Users\arthu\Desktop\ASI_new\Users\SPWebAppUser\src\test\resources
2022-06-04 16:37:24,128 [Worker-128: Building] INFO  o.e.m.c.i.embedder.EclipseLogger - Using 'UTF-8' encoding to copy filtered resources.
2022-06-04 16:37:24,139 [Worker-128: Building] INFO  o.e.m.c.i.embedder.EclipseLogger - Copying 1 resource
2022-06-04 16:37:24,151 [Worker-128: Building] INFO  o.e.m.c.i.embedder.EclipseLogger - Copying 167 resources
2022-06-04 16:37:24,166 [Worker-128: Building] INFO  o.e.m.c.i.embedder.EclipseLogger - Using 'UTF-8' encoding to copy filtered resources.
2022-06-04 16:37:24,166 [Worker-128: Building] INFO  o.e.m.c.i.embedder.EclipseLogger - skip non existing resourceDirectory C:\Users\arthu\Desktop\ASI_new\Users\SPWebAppUser\src\test\resources
2022-06-04 16:37:50,746 [Worker-129: Building] INFO  o.e.m.c.i.embedder.EclipseLogger - Using 'UTF-8' encoding to copy filtered resources.
2022-06-04 16:37:50,757 [Worker-129: Building] INFO  o.e.m.c.i.embedder.EclipseLogger - Copying 1 resource
2022-06-04 16:37:50,770 [Worker-129: Building] INFO  o.e.m.c.i.embedder.EclipseLogger - Copying 167 resources
2022-06-04 16:37:50,784 [Worker-129: Building] INFO  o.e.m.c.i.embedder.EclipseLogger - Using 'UTF-8' encoding to copy filtered resources.
2022-06-04 16:37:50,785 [Worker-129: Building] INFO  o.e.m.c.i.embedder.EclipseLogger - skip non existing resourceDirectory C:\Users\arthu\Desktop\ASI_new\Users\SPWebAppUser\src\test\resources
2022-06-04 16:48:59,254 [Worker-128: Building] INFO  o.e.m.c.i.embedder.EclipseLogger - Using 'UTF-8' encoding to copy filtered resources.
2022-06-04 16:48:59,270 [Worker-128: Building] INFO  o.e.m.c.i.embedder.EclipseLogger - Copying 1 resource
2022-06-04 16:48:59,290 [Worker-128: Building] INFO  o.e.m.c.i.embedder.EclipseLogger - Copying 167 resources
2022-06-04 16:48:59,312 [Worker-128: Building] INFO  o.e.m.c.i.embedder.EclipseLogger - Using 'UTF-8' encoding to copy filtered resources.
2022-06-04 16:48:59,313 [Worker-128: Building] INFO  o.e.m.c.i.embedder.EclipseLogger - skip non existing resourceDirectory C:\Users\arthu\Desktop\ASI_new\Users\SPWebAppUser\src\test\resources
2022-06-04 16:54:49,793 [Worker-132: Building] INFO  o.e.m.c.i.embedder.EclipseLogger - Using 'UTF-8' encoding to copy filtered resources.
2022-06-04 16:54:49,805 [Worker-132: Building] INFO  o.e.m.c.i.embedder.EclipseLogger - Copying 1 resource
2022-06-04 16:54:49,819 [Worker-132: Building] INFO  o.e.m.c.i.embedder.EclipseLogger - Copying 167 resources
2022-06-04 16:54:49,836 [Worker-132: Building] INFO  o.e.m.c.i.embedder.EclipseLogger - Using 'UTF-8' encoding to copy filtered resources.
2022-06-04 16:54:49,836 [Worker-132: Building] INFO  o.e.m.c.i.embedder.EclipseLogger - skip non existing resourceDirectory C:\Users\arthu\Desktop\ASI_new\Users\SPWebAppUser\src\test\resources
2022-06-04 16:55:56,496 [Worker-128: Building] INFO  o.e.m.c.i.embedder.EclipseLogger - Using 'UTF-8' encoding to copy filtered resources.
2022-06-04 16:55:56,528 [Worker-128: Building] INFO  o.e.m.c.i.embedder.EclipseLogger - Copying 1 resource
2022-06-04 16:55:56,544 [Worker-128: Building] INFO  o.e.m.c.i.embedder.EclipseLogger - Copying 167 resources
2022-06-04 16:55:56,563 [Worker-128: Building] INFO  o.e.m.c.i.embedder.EclipseLogger - Using 'UTF-8' encoding to copy filtered resources.
2022-06-04 16:55:56,563 [Worker-128: Building] INFO  o.e.m.c.i.embedder.EclipseLogger - skip non existing resourceDirectory C:\Users\arthu\Desktop\ASI_new\Users\SPWebAppUser\src\test\resources
2022-06-04 16:56:03,024 [Worker-132: Building] INFO  o.e.m.c.i.embedder.EclipseLogger - Using 'UTF-8' encoding to copy filtered resources.
2022-06-04 16:56:03,037 [Worker-132: Building] INFO  o.e.m.c.i.embedder.EclipseLogger - Copying 1 resource
2022-06-04 16:56:03,049 [Worker-132: Building] INFO  o.e.m.c.i.embedder.EclipseLogger - Copying 167 resources
2022-06-04 16:56:03,065 [Worker-132: Building] INFO  o.e.m.c.i.embedder.EclipseLogger - Using 'UTF-8' encoding to copy filtered resources.
2022-06-04 16:56:03,065 [Worker-132: Building] INFO  o.e.m.c.i.embedder.EclipseLogger - skip non existing resourceDirectory C:\Users\arthu\Desktop\ASI_new\Users\SPWebAppUser\src\test\resources
2022-06-04 16:56:47,930 [Worker-133: Building] INFO  o.e.m.c.i.embedder.EclipseLogger - Using 'UTF-8' encoding to copy filtered resources.
2022-06-04 16:56:47,942 [Worker-133: Building] INFO  o.e.m.c.i.embedder.EclipseLogger - Copying 1 resource
2022-06-04 16:56:47,955 [Worker-133: Building] INFO  o.e.m.c.i.embedder.EclipseLogger - Copying 167 resources
2022-06-04 16:56:47,973 [Worker-133: Building] INFO  o.e.m.c.i.embedder.EclipseLogger - Using 'UTF-8' encoding to copy filtered resources.
2022-06-04 16:56:47,974 [Worker-133: Building] INFO  o.e.m.c.i.embedder.EclipseLogger - skip non existing resourceDirectory C:\Users\arthu\Desktop\ASI_new\Users\SPWebAppUser\src\test\resources
2022-06-04 16:56:53,866 [Worker-133: Building] INFO  o.e.m.c.i.embedder.EclipseLogger - Using 'UTF-8' encoding to copy filtered resources.
2022-06-04 16:56:53,881 [Worker-133: Building] INFO  o.e.m.c.i.embedder.EclipseLogger - Copying 1 resource
2022-06-04 16:56:53,900 [Worker-133: Building] INFO  o.e.m.c.i.embedder.EclipseLogger - Copying 167 resources
2022-06-04 16:56:53,939 [Worker-133: Building] INFO  o.e.m.c.i.embedder.EclipseLogger - Using 'UTF-8' encoding to copy filtered resources.
2022-06-04 16:56:53,939 [Worker-133: Building] INFO  o.e.m.c.i.embedder.EclipseLogger - skip non existing resourceDirectory C:\Users\arthu\Desktop\ASI_new\Users\SPWebAppUser\src\test\resources
2022-06-04 18:23:34,750 [Worker-136: Building] INFO  o.e.m.c.i.embedder.EclipseLogger - Using 'UTF-8' encoding to copy filtered resources.
2022-06-04 18:23:34,766 [Worker-136: Building] INFO  o.e.m.c.i.embedder.EclipseLogger - Copying 1 resource
2022-06-04 18:23:34,786 [Worker-136: Building] INFO  o.e.m.c.i.embedder.EclipseLogger - Copying 167 resources
2022-06-04 18:23:34,807 [Worker-136: Building] INFO  o.e.m.c.i.embedder.EclipseLogger - Using 'UTF-8' encoding to copy filtered resources.
2022-06-04 18:23:34,807 [Worker-136: Building] INFO  o.e.m.c.i.embedder.EclipseLogger - skip non existing resourceDirectory C:\Users\arthu\Desktop\ASI_new\Users\SPWebAppUser\src\test\resources
2022-06-04 18:45:37,390 [Worker-128: Launching SpAppUser] INFO  o.e.m.c.i.embedder.EclipseLogger - Using 'UTF-8' encoding to copy filtered resources.
2022-06-04 18:45:37,404 [Worker-128: Launching SpAppUser] INFO  o.e.m.c.i.embedder.EclipseLogger - Copying 1 resource
2022-06-04 18:45:37,419 [Worker-128: Launching SpAppUser] INFO  o.e.m.c.i.embedder.EclipseLogger - Copying 167 resources
2022-06-04 18:45:37,438 [Worker-128: Launching SpAppUser] INFO  o.e.m.c.i.embedder.EclipseLogger - Using 'UTF-8' encoding to copy filtered resources.
2022-06-04 18:45:37,438 [Worker-128: Launching SpAppUser] INFO  o.e.m.c.i.embedder.EclipseLogger - skip non existing resourceDirectory C:\Users\arthu\Desktop\ASI_new\Users\SPWebAppUser\src\test\resources
2022-06-04 18:50:29,443 [Worker-152: Building] INFO  o.e.m.c.i.embedder.EclipseLogger - Using 'UTF-8' encoding to copy filtered resources.
2022-06-04 18:50:29,460 [Worker-152: Building] INFO  o.e.m.c.i.embedder.EclipseLogger - Copying 1 resource
2022-06-04 18:50:29,477 [Worker-152: Building] INFO  o.e.m.c.i.embedder.EclipseLogger - Copying 167 resources
2022-06-04 18:50:29,518 [Worker-152: Building] INFO  o.e.m.c.i.embedder.EclipseLogger - Using 'UTF-8' encoding to copy filtered resources.
2022-06-04 18:50:29,519 [Worker-152: Building] INFO  o.e.m.c.i.embedder.EclipseLogger - skip non existing resourceDirectory C:\Users\arthu\Desktop\ASI_new\Users\SPWebAppUser\src\test\resources
2022-06-04 18:50:35,587 [Worker-154: Building] INFO  o.e.m.c.i.embedder.EclipseLogger - Using 'UTF-8' encoding to copy filtered resources.
2022-06-04 18:50:35,598 [Worker-154: Building] INFO  o.e.m.c.i.embedder.EclipseLogger - Copying 1 resource
2022-06-04 18:50:35,610 [Worker-154: Building] INFO  o.e.m.c.i.embedder.EclipseLogger - Copying 167 resources
2022-06-04 18:50:35,626 [Worker-154: Building] INFO  o.e.m.c.i.embedder.EclipseLogger - Using 'UTF-8' encoding to copy filtered resources.
2022-06-04 18:50:35,626 [Worker-154: Building] INFO  o.e.m.c.i.embedder.EclipseLogger - skip non existing resourceDirectory C:\Users\arthu\Desktop\ASI_new\Users\SPWebAppUser\src\test\resources
