2022-06-04 11:59:26,132 [Worker-0: Loading available Gradle versions] INFO  o.e.b.c.i.u.g.PublishedGradleVersions - Gradle version information cache is up-to-date. Trying to read.
2022-06-04 11:59:41,017 [Worker-11: Updating Maven Dependencies] INFO  o.e.m.c.i.l.LifecycleMappingFactory - Using org.eclipse.m2e.jdt.JarLifecycleMapping lifecycle mapping for MavenProject: com.tuto.springboot:SPWebAppCard:0.0.1-SNAPSHOT @ C:\Users\arthu\Desktop\ASI_new\Card_v2\SPWebAppCard\pom.xml.
2022-06-04 11:59:41,184 [Worker-5: Building] INFO  o.e.m.c.i.l.LifecycleMappingFactory - Using org.eclipse.m2e.jdt.JarLifecycleMapping lifecycle mapping for MavenProject: com.tuto.springboot:SPWebAppCard:0.0.1-SNAPSHOT @ C:\Users\arthu\Desktop\ASI_new\Card_v2\SPWebAppCard\pom.xml.
2022-06-04 11:59:42,679 [Worker-5: Building] INFO  o.e.m.c.i.embedder.EclipseLogger - Using 'UTF-8' encoding to copy filtered resources.
2022-06-04 11:59:42,686 [Worker-5: Building] INFO  o.e.m.c.i.embedder.EclipseLogger - Copying 1 resource
2022-06-04 11:59:42,713 [Worker-5: Building] INFO  o.e.m.c.i.embedder.EclipseLogger - Copying 9 resources
2022-06-04 11:59:42,846 [Worker-5: Building] INFO  o.e.m.c.i.embedder.EclipseLogger - Using 'UTF-8' encoding to copy filtered resources.
2022-06-04 11:59:42,846 [Worker-5: Building] INFO  o.e.m.c.i.embedder.EclipseLogger - skip non existing resourceDirectory C:\Users\arthu\Desktop\ASI_new\Card_v2\SPWebAppCard\src\test\resources
2022-06-04 11:59:45,408 [Worker-2: Updating Maven Dependencies] INFO  o.e.m.c.i.l.LifecycleMappingFactory - Using org.eclipse.m2e.jdt.JarLifecycleMapping lifecycle mapping for MavenProject: com.tuto.springboot:SPWebAppCard:0.0.1-SNAPSHOT @ C:\Users\arthu\Desktop\ASI_new\Card_v2\SPWebAppCard\pom.xml.
2022-06-04 11:59:45,842 [Worker-16: Building] INFO  o.e.m.c.i.embedder.EclipseLogger - Using 'UTF-8' encoding to copy filtered resources.
2022-06-04 11:59:45,849 [Worker-16: Building] INFO  o.e.m.c.i.embedder.EclipseLogger - Copying 1 resource
2022-06-04 11:59:45,865 [Worker-16: Building] INFO  o.e.m.c.i.embedder.EclipseLogger - Copying 9 resources
2022-06-04 11:59:45,901 [Worker-16: Building] INFO  o.e.m.c.i.embedder.EclipseLogger - Using 'UTF-8' encoding to copy filtered resources.
2022-06-04 11:59:45,901 [Worker-16: Building] INFO  o.e.m.c.i.embedder.EclipseLogger - skip non existing resourceDirectory C:\Users\arthu\Desktop\ASI_new\Card_v2\SPWebAppCard\src\test\resources
2022-06-04 11:59:47,391 [Worker-4: Building] INFO  o.e.m.c.i.embedder.EclipseLogger - Using 'UTF-8' encoding to copy filtered resources.
2022-06-04 11:59:47,391 [Worker-4: Building] INFO  o.e.m.c.i.embedder.EclipseLogger - Copying 0 resource
2022-06-04 11:59:47,392 [Worker-4: Building] INFO  o.e.m.c.i.embedder.EclipseLogger - Copying 0 resource
2022-06-04 11:59:47,396 [Worker-4: Building] INFO  o.e.m.c.i.embedder.EclipseLogger - Using 'UTF-8' encoding to copy filtered resources.
2022-06-04 11:59:47,396 [Worker-4: Building] INFO  o.e.m.c.i.embedder.EclipseLogger - skip non existing resourceDirectory C:\Users\arthu\Desktop\ASI_new\Card_v2\SPWebAppCard\src\test\resources
2022-06-04 11:59:58,761 [Worker-20: Building] INFO  o.e.m.c.i.embedder.EclipseLogger - Using 'UTF-8' encoding to copy filtered resources.
2022-06-04 11:59:58,762 [Worker-20: Building] INFO  o.e.m.c.i.embedder.EclipseLogger - Copying 0 resource
2022-06-04 11:59:58,763 [Worker-20: Building] INFO  o.e.m.c.i.embedder.EclipseLogger - Copying 0 resource
2022-06-04 11:59:58,766 [Worker-20: Building] INFO  o.e.m.c.i.embedder.EclipseLogger - Using 'UTF-8' encoding to copy filtered resources.
2022-06-04 11:59:58,766 [Worker-20: Building] INFO  o.e.m.c.i.embedder.EclipseLogger - skip non existing resourceDirectory C:\Users\arthu\Desktop\ASI_new\Card_v2\SPWebAppCard\src\test\resources
2022-06-04 12:02:40,307 [Worker-14: Building] INFO  o.e.m.c.i.embedder.EclipseLogger - Using 'UTF-8' encoding to copy filtered resources.
2022-06-04 12:02:40,309 [Worker-14: Building] INFO  o.e.m.c.i.embedder.EclipseLogger - Copying 1 resource
2022-06-04 12:02:40,313 [Worker-14: Building] INFO  o.e.m.c.i.embedder.EclipseLogger - Copying 9 resources
2022-06-04 12:02:40,316 [Worker-14: Building] INFO  o.e.m.c.i.embedder.EclipseLogger - Using 'UTF-8' encoding to copy filtered resources.
2022-06-04 12:02:40,317 [Worker-14: Building] INFO  o.e.m.c.i.embedder.EclipseLogger - skip non existing resourceDirectory C:\Users\arthu\Desktop\ASI_new\Card_v2\SPWebAppCard\src\test\resources
2022-06-04 12:03:00,467 [Worker-21: Building] INFO  o.e.m.c.i.embedder.EclipseLogger - Using 'UTF-8' encoding to copy filtered resources.
2022-06-04 12:03:00,471 [Worker-21: Building] INFO  o.e.m.c.i.embedder.EclipseLogger - Copying 1 resource
2022-06-04 12:03:00,475 [Worker-21: Building] INFO  o.e.m.c.i.embedder.EclipseLogger - Copying 9 resources
2022-06-04 12:03:00,478 [Worker-21: Building] INFO  o.e.m.c.i.embedder.EclipseLogger - Using 'UTF-8' encoding to copy filtered resources.
2022-06-04 12:03:00,479 [Worker-21: Building] INFO  o.e.m.c.i.embedder.EclipseLogger - skip non existing resourceDirectory C:\Users\arthu\Desktop\ASI_new\Card_v2\SPWebAppCard\src\test\resources
2022-06-04 12:07:21,580 [Worker-24: Building] INFO  o.e.m.c.i.embedder.EclipseLogger - Using 'UTF-8' encoding to copy filtered resources.
2022-06-04 12:07:21,583 [Worker-24: Building] INFO  o.e.m.c.i.embedder.EclipseLogger - Copying 1 resource
2022-06-04 12:07:21,586 [Worker-24: Building] INFO  o.e.m.c.i.embedder.EclipseLogger - Copying 9 resources
2022-06-04 12:07:21,591 [Worker-24: Building] INFO  o.e.m.c.i.embedder.EclipseLogger - Using 'UTF-8' encoding to copy filtered resources.
2022-06-04 12:07:21,592 [Worker-24: Building] INFO  o.e.m.c.i.embedder.EclipseLogger - skip non existing resourceDirectory C:\Users\arthu\Desktop\ASI_new\Card_v2\SPWebAppCard\src\test\resources
2022-06-04 16:50:41,135 [Worker-33: Building] INFO  o.e.m.c.i.embedder.EclipseLogger - Using 'UTF-8' encoding to copy filtered resources.
2022-06-04 16:50:41,140 [Worker-33: Building] INFO  o.e.m.c.i.embedder.EclipseLogger - Copying 1 resource
2022-06-04 16:50:41,144 [Worker-33: Building] INFO  o.e.m.c.i.embedder.EclipseLogger - Copying 9 resources
2022-06-04 16:50:41,149 [Worker-33: Building] INFO  o.e.m.c.i.embedder.EclipseLogger - Using 'UTF-8' encoding to copy filtered resources.
2022-06-04 16:50:41,149 [Worker-33: Building] INFO  o.e.m.c.i.embedder.EclipseLogger - skip non existing resourceDirectory C:\Users\arthu\Desktop\ASI_new\Card_v2\SPWebAppCard\src\test\resources
2022-06-04 16:50:49,316 [Worker-34: Building] INFO  o.e.m.c.i.embedder.EclipseLogger - Using 'UTF-8' encoding to copy filtered resources.
2022-06-04 16:50:49,319 [Worker-34: Building] INFO  o.e.m.c.i.embedder.EclipseLogger - Copying 1 resource
2022-06-04 16:50:49,325 [Worker-34: Building] INFO  o.e.m.c.i.embedder.EclipseLogger - Copying 9 resources
2022-06-04 16:50:49,331 [Worker-34: Building] INFO  o.e.m.c.i.embedder.EclipseLogger - Using 'UTF-8' encoding to copy filtered resources.
2022-06-04 16:50:49,332 [Worker-34: Building] INFO  o.e.m.c.i.embedder.EclipseLogger - skip non existing resourceDirectory C:\Users\arthu\Desktop\ASI_new\Card_v2\SPWebAppCard\src\test\resources
2022-06-04 16:50:59,821 [Worker-33: Building] INFO  o.e.m.c.i.embedder.EclipseLogger - Using 'UTF-8' encoding to copy filtered resources.
2022-06-04 16:50:59,824 [Worker-33: Building] INFO  o.e.m.c.i.embedder.EclipseLogger - Copying 1 resource
2022-06-04 16:50:59,828 [Worker-33: Building] INFO  o.e.m.c.i.embedder.EclipseLogger - Copying 9 resources
2022-06-04 16:50:59,831 [Worker-33: Building] INFO  o.e.m.c.i.embedder.EclipseLogger - Using 'UTF-8' encoding to copy filtered resources.
2022-06-04 16:50:59,832 [Worker-33: Building] INFO  o.e.m.c.i.embedder.EclipseLogger - skip non existing resourceDirectory C:\Users\arthu\Desktop\ASI_new\Card_v2\SPWebAppCard\src\test\resources
2022-06-04 16:52:23,989 [Worker-34: Building] INFO  o.e.m.c.i.embedder.EclipseLogger - Using 'UTF-8' encoding to copy filtered resources.
2022-06-04 16:52:23,992 [Worker-34: Building] INFO  o.e.m.c.i.embedder.EclipseLogger - Copying 1 resource
2022-06-04 16:52:23,996 [Worker-34: Building] INFO  o.e.m.c.i.embedder.EclipseLogger - Copying 9 resources
2022-06-04 16:52:24,000 [Worker-34: Building] INFO  o.e.m.c.i.embedder.EclipseLogger - Using 'UTF-8' encoding to copy filtered resources.
2022-06-04 16:52:24,001 [Worker-34: Building] INFO  o.e.m.c.i.embedder.EclipseLogger - skip non existing resourceDirectory C:\Users\arthu\Desktop\ASI_new\Card_v2\SPWebAppCard\src\test\resources
2022-06-04 16:52:54,394 [Worker-31: Building] INFO  o.e.m.c.i.embedder.EclipseLogger - Using 'UTF-8' encoding to copy filtered resources.
2022-06-04 16:52:54,396 [Worker-31: Building] INFO  o.e.m.c.i.embedder.EclipseLogger - Copying 1 resource
2022-06-04 16:52:54,399 [Worker-31: Building] INFO  o.e.m.c.i.embedder.EclipseLogger - Copying 9 resources
2022-06-04 16:52:54,402 [Worker-31: Building] INFO  o.e.m.c.i.embedder.EclipseLogger - Using 'UTF-8' encoding to copy filtered resources.
2022-06-04 16:52:54,402 [Worker-31: Building] INFO  o.e.m.c.i.embedder.EclipseLogger - skip non existing resourceDirectory C:\Users\arthu\Desktop\ASI_new\Card_v2\SPWebAppCard\src\test\resources
2022-06-04 16:53:50,094 [Worker-31: Building] INFO  o.e.m.c.i.embedder.EclipseLogger - Using 'UTF-8' encoding to copy filtered resources.
2022-06-04 16:53:50,096 [Worker-31: Building] INFO  o.e.m.c.i.embedder.EclipseLogger - Copying 1 resource
2022-06-04 16:53:50,099 [Worker-31: Building] INFO  o.e.m.c.i.embedder.EclipseLogger - Copying 9 resources
2022-06-04 16:53:50,102 [Worker-31: Building] INFO  o.e.m.c.i.embedder.EclipseLogger - Using 'UTF-8' encoding to copy filtered resources.
2022-06-04 16:53:50,102 [Worker-31: Building] INFO  o.e.m.c.i.embedder.EclipseLogger - skip non existing resourceDirectory C:\Users\arthu\Desktop\ASI_new\Card_v2\SPWebAppCard\src\test\resources
2022-06-04 16:54:15,232 [Worker-33: Building] INFO  o.e.m.c.i.embedder.EclipseLogger - Using 'UTF-8' encoding to copy filtered resources.
2022-06-04 16:54:15,234 [Worker-33: Building] INFO  o.e.m.c.i.embedder.EclipseLogger - Copying 1 resource
2022-06-04 16:54:15,237 [Worker-33: Building] INFO  o.e.m.c.i.embedder.EclipseLogger - Copying 9 resources
2022-06-04 16:54:15,239 [Worker-33: Building] INFO  o.e.m.c.i.embedder.EclipseLogger - Using 'UTF-8' encoding to copy filtered resources.
2022-06-04 16:54:15,240 [Worker-33: Building] INFO  o.e.m.c.i.embedder.EclipseLogger - skip non existing resourceDirectory C:\Users\arthu\Desktop\ASI_new\Card_v2\SPWebAppCard\src\test\resources
2022-06-04 16:54:23,156 [Worker-31: Building] INFO  o.e.m.c.i.embedder.EclipseLogger - Using 'UTF-8' encoding to copy filtered resources.
2022-06-04 16:54:23,158 [Worker-31: Building] INFO  o.e.m.c.i.embedder.EclipseLogger - Copying 1 resource
2022-06-04 16:54:23,161 [Worker-31: Building] INFO  o.e.m.c.i.embedder.EclipseLogger - Copying 9 resources
2022-06-04 16:54:23,164 [Worker-31: Building] INFO  o.e.m.c.i.embedder.EclipseLogger - Using 'UTF-8' encoding to copy filtered resources.
2022-06-04 16:54:23,164 [Worker-31: Building] INFO  o.e.m.c.i.embedder.EclipseLogger - skip non existing resourceDirectory C:\Users\arthu\Desktop\ASI_new\Card_v2\SPWebAppCard\src\test\resources
2022-06-04 18:18:07,178 [Worker-40: Building] INFO  o.e.m.c.i.embedder.EclipseLogger - Using 'UTF-8' encoding to copy filtered resources.
2022-06-04 18:18:07,182 [Worker-40: Building] INFO  o.e.m.c.i.embedder.EclipseLogger - Copying 1 resource
2022-06-04 18:18:07,186 [Worker-40: Building] INFO  o.e.m.c.i.embedder.EclipseLogger - Copying 9 resources
2022-06-04 18:18:07,190 [Worker-40: Building] INFO  o.e.m.c.i.embedder.EclipseLogger - Using 'UTF-8' encoding to copy filtered resources.
2022-06-04 18:18:07,190 [Worker-40: Building] INFO  o.e.m.c.i.embedder.EclipseLogger - skip non existing resourceDirectory C:\Users\arthu\Desktop\ASI_new\Card_v2\SPWebAppCard\src\test\resources
2022-06-04 18:18:49,838 [Worker-41: Building] INFO  o.e.m.c.i.embedder.EclipseLogger - Using 'UTF-8' encoding to copy filtered resources.
2022-06-04 18:18:49,841 [Worker-41: Building] INFO  o.e.m.c.i.embedder.EclipseLogger - Copying 1 resource
2022-06-04 18:18:49,845 [Worker-41: Building] INFO  o.e.m.c.i.embedder.EclipseLogger - Copying 9 resources
2022-06-04 18:18:49,850 [Worker-41: Building] INFO  o.e.m.c.i.embedder.EclipseLogger - Using 'UTF-8' encoding to copy filtered resources.
2022-06-04 18:18:49,851 [Worker-41: Building] INFO  o.e.m.c.i.embedder.EclipseLogger - skip non existing resourceDirectory C:\Users\arthu\Desktop\ASI_new\Card_v2\SPWebAppCard\src\test\resources
2022-06-04 18:18:58,071 [Worker-40: Building] INFO  o.e.m.c.i.embedder.EclipseLogger - Using 'UTF-8' encoding to copy filtered resources.
2022-06-04 18:18:58,072 [Worker-40: Building] INFO  o.e.m.c.i.embedder.EclipseLogger - Copying 1 resource
2022-06-04 18:18:58,075 [Worker-40: Building] INFO  o.e.m.c.i.embedder.EclipseLogger - Copying 9 resources
2022-06-04 18:18:58,079 [Worker-40: Building] INFO  o.e.m.c.i.embedder.EclipseLogger - Using 'UTF-8' encoding to copy filtered resources.
2022-06-04 18:18:58,079 [Worker-40: Building] INFO  o.e.m.c.i.embedder.EclipseLogger - skip non existing resourceDirectory C:\Users\arthu\Desktop\ASI_new\Card_v2\SPWebAppCard\src\test\resources
2022-06-04 18:19:23,571 [Worker-41: Building] INFO  o.e.m.c.i.embedder.EclipseLogger - Using 'UTF-8' encoding to copy filtered resources.
2022-06-04 18:19:23,573 [Worker-41: Building] INFO  o.e.m.c.i.embedder.EclipseLogger - Copying 1 resource
2022-06-04 18:19:23,576 [Worker-41: Building] INFO  o.e.m.c.i.embedder.EclipseLogger - Copying 9 resources
2022-06-04 18:19:23,579 [Worker-41: Building] INFO  o.e.m.c.i.embedder.EclipseLogger - Using 'UTF-8' encoding to copy filtered resources.
2022-06-04 18:19:23,579 [Worker-41: Building] INFO  o.e.m.c.i.embedder.EclipseLogger - skip non existing resourceDirectory C:\Users\arthu\Desktop\ASI_new\Card_v2\SPWebAppCard\src\test\resources
2022-06-04 18:19:35,223 [Worker-42: Building] INFO  o.e.m.c.i.embedder.EclipseLogger - Using 'UTF-8' encoding to copy filtered resources.
2022-06-04 18:19:35,227 [Worker-42: Building] INFO  o.e.m.c.i.embedder.EclipseLogger - Copying 1 resource
2022-06-04 18:19:35,231 [Worker-42: Building] INFO  o.e.m.c.i.embedder.EclipseLogger - Copying 9 resources
2022-06-04 18:19:35,235 [Worker-42: Building] INFO  o.e.m.c.i.embedder.EclipseLogger - Using 'UTF-8' encoding to copy filtered resources.
2022-06-04 18:19:35,236 [Worker-42: Building] INFO  o.e.m.c.i.embedder.EclipseLogger - skip non existing resourceDirectory C:\Users\arthu\Desktop\ASI_new\Card_v2\SPWebAppCard\src\test\resources
2022-06-04 18:19:44,070 [Worker-37: Building] INFO  o.e.m.c.i.embedder.EclipseLogger - Using 'UTF-8' encoding to copy filtered resources.
2022-06-04 18:19:44,073 [Worker-37: Building] INFO  o.e.m.c.i.embedder.EclipseLogger - Copying 1 resource
2022-06-04 18:19:44,076 [Worker-37: Building] INFO  o.e.m.c.i.embedder.EclipseLogger - Copying 9 resources
2022-06-04 18:19:44,079 [Worker-37: Building] INFO  o.e.m.c.i.embedder.EclipseLogger - Using 'UTF-8' encoding to copy filtered resources.
2022-06-04 18:19:44,079 [Worker-37: Building] INFO  o.e.m.c.i.embedder.EclipseLogger - skip non existing resourceDirectory C:\Users\arthu\Desktop\ASI_new\Card_v2\SPWebAppCard\src\test\resources
2022-06-04 18:20:00,418 [Worker-40: Building] INFO  o.e.m.c.i.embedder.EclipseLogger - Using 'UTF-8' encoding to copy filtered resources.
2022-06-04 18:20:00,421 [Worker-40: Building] INFO  o.e.m.c.i.embedder.EclipseLogger - Copying 1 resource
2022-06-04 18:20:00,424 [Worker-40: Building] INFO  o.e.m.c.i.embedder.EclipseLogger - Copying 9 resources
2022-06-04 18:20:00,428 [Worker-40: Building] INFO  o.e.m.c.i.embedder.EclipseLogger - Using 'UTF-8' encoding to copy filtered resources.
2022-06-04 18:20:00,428 [Worker-40: Building] INFO  o.e.m.c.i.embedder.EclipseLogger - skip non existing resourceDirectory C:\Users\arthu\Desktop\ASI_new\Card_v2\SPWebAppCard\src\test\resources
2022-06-04 18:20:29,289 [Worker-37: Building] INFO  o.e.m.c.i.embedder.EclipseLogger - Using 'UTF-8' encoding to copy filtered resources.
2022-06-04 18:20:29,292 [Worker-37: Building] INFO  o.e.m.c.i.embedder.EclipseLogger - Copying 1 resource
2022-06-04 18:20:29,295 [Worker-37: Building] INFO  o.e.m.c.i.embedder.EclipseLogger - Copying 9 resources
2022-06-04 18:20:29,298 [Worker-37: Building] INFO  o.e.m.c.i.embedder.EclipseLogger - Using 'UTF-8' encoding to copy filtered resources.
2022-06-04 18:20:29,299 [Worker-37: Building] INFO  o.e.m.c.i.embedder.EclipseLogger - skip non existing resourceDirectory C:\Users\arthu\Desktop\ASI_new\Card_v2\SPWebAppCard\src\test\resources
2022-06-04 18:20:38,360 [Worker-41: Building] INFO  o.e.m.c.i.embedder.EclipseLogger - Using 'UTF-8' encoding to copy filtered resources.
2022-06-04 18:20:38,362 [Worker-41: Building] INFO  o.e.m.c.i.embedder.EclipseLogger - Copying 1 resource
2022-06-04 18:20:38,365 [Worker-41: Building] INFO  o.e.m.c.i.embedder.EclipseLogger - Copying 9 resources
2022-06-04 18:20:38,367 [Worker-41: Building] INFO  o.e.m.c.i.embedder.EclipseLogger - Using 'UTF-8' encoding to copy filtered resources.
2022-06-04 18:20:38,367 [Worker-41: Building] INFO  o.e.m.c.i.embedder.EclipseLogger - skip non existing resourceDirectory C:\Users\arthu\Desktop\ASI_new\Card_v2\SPWebAppCard\src\test\resources
2022-06-04 18:20:44,369 [Worker-37: Building] INFO  o.e.m.c.i.embedder.EclipseLogger - Using 'UTF-8' encoding to copy filtered resources.
2022-06-04 18:20:44,371 [Worker-37: Building] INFO  o.e.m.c.i.embedder.EclipseLogger - Copying 1 resource
2022-06-04 18:20:44,375 [Worker-37: Building] INFO  o.e.m.c.i.embedder.EclipseLogger - Copying 9 resources
2022-06-04 18:20:44,378 [Worker-37: Building] INFO  o.e.m.c.i.embedder.EclipseLogger - Using 'UTF-8' encoding to copy filtered resources.
2022-06-04 18:20:44,378 [Worker-37: Building] INFO  o.e.m.c.i.embedder.EclipseLogger - skip non existing resourceDirectory C:\Users\arthu\Desktop\ASI_new\Card_v2\SPWebAppCard\src\test\resources
2022-06-04 18:21:20,199 [Worker-37: Building] INFO  o.e.m.c.i.embedder.EclipseLogger - Using 'UTF-8' encoding to copy filtered resources.
2022-06-04 18:21:20,202 [Worker-37: Building] INFO  o.e.m.c.i.embedder.EclipseLogger - Copying 1 resource
2022-06-04 18:21:20,204 [Worker-37: Building] INFO  o.e.m.c.i.embedder.EclipseLogger - Copying 9 resources
2022-06-04 18:21:20,208 [Worker-37: Building] INFO  o.e.m.c.i.embedder.EclipseLogger - Using 'UTF-8' encoding to copy filtered resources.
2022-06-04 18:21:20,208 [Worker-37: Building] INFO  o.e.m.c.i.embedder.EclipseLogger - skip non existing resourceDirectory C:\Users\arthu\Desktop\ASI_new\Card_v2\SPWebAppCard\src\test\resources
2022-06-04 18:21:37,749 [Worker-40: Building] INFO  o.e.m.c.i.embedder.EclipseLogger - Using 'UTF-8' encoding to copy filtered resources.
2022-06-04 18:21:37,752 [Worker-40: Building] INFO  o.e.m.c.i.embedder.EclipseLogger - Copying 1 resource
2022-06-04 18:21:37,754 [Worker-40: Building] INFO  o.e.m.c.i.embedder.EclipseLogger - Copying 9 resources
2022-06-04 18:21:37,757 [Worker-40: Building] INFO  o.e.m.c.i.embedder.EclipseLogger - Using 'UTF-8' encoding to copy filtered resources.
2022-06-04 18:21:37,757 [Worker-40: Building] INFO  o.e.m.c.i.embedder.EclipseLogger - skip non existing resourceDirectory C:\Users\arthu\Desktop\ASI_new\Card_v2\SPWebAppCard\src\test\resources
2022-06-04 18:22:23,887 [Worker-41: Building] INFO  o.e.m.c.i.embedder.EclipseLogger - Using 'UTF-8' encoding to copy filtered resources.
2022-06-04 18:22:23,889 [Worker-41: Building] INFO  o.e.m.c.i.embedder.EclipseLogger - Copying 1 resource
2022-06-04 18:22:23,892 [Worker-41: Building] INFO  o.e.m.c.i.embedder.EclipseLogger - Copying 9 resources
2022-06-04 18:22:23,896 [Worker-41: Building] INFO  o.e.m.c.i.embedder.EclipseLogger - Using 'UTF-8' encoding to copy filtered resources.
2022-06-04 18:22:23,896 [Worker-41: Building] INFO  o.e.m.c.i.embedder.EclipseLogger - skip non existing resourceDirectory C:\Users\arthu\Desktop\ASI_new\Card_v2\SPWebAppCard\src\test\resources
2022-06-04 18:22:44,472 [Worker-41: Building] INFO  o.e.m.c.i.embedder.EclipseLogger - Using 'UTF-8' encoding to copy filtered resources.
2022-06-04 18:22:44,474 [Worker-41: Building] INFO  o.e.m.c.i.embedder.EclipseLogger - Copying 1 resource
2022-06-04 18:22:44,476 [Worker-41: Building] INFO  o.e.m.c.i.embedder.EclipseLogger - Copying 9 resources
2022-06-04 18:22:44,479 [Worker-41: Building] INFO  o.e.m.c.i.embedder.EclipseLogger - Using 'UTF-8' encoding to copy filtered resources.
2022-06-04 18:22:44,479 [Worker-41: Building] INFO  o.e.m.c.i.embedder.EclipseLogger - skip non existing resourceDirectory C:\Users\arthu\Desktop\ASI_new\Card_v2\SPWebAppCard\src\test\resources
2022-06-04 18:22:50,125 [Worker-43: Building] INFO  o.e.m.c.i.embedder.EclipseLogger - Using 'UTF-8' encoding to copy filtered resources.
2022-06-04 18:22:50,127 [Worker-43: Building] INFO  o.e.m.c.i.embedder.EclipseLogger - Copying 1 resource
2022-06-04 18:22:50,130 [Worker-43: Building] INFO  o.e.m.c.i.embedder.EclipseLogger - Copying 9 resources
2022-06-04 18:22:50,133 [Worker-43: Building] INFO  o.e.m.c.i.embedder.EclipseLogger - Using 'UTF-8' encoding to copy filtered resources.
2022-06-04 18:22:50,133 [Worker-43: Building] INFO  o.e.m.c.i.embedder.EclipseLogger - skip non existing resourceDirectory C:\Users\arthu\Desktop\ASI_new\Card_v2\SPWebAppCard\src\test\resources
2022-06-04 18:39:24,647 [Worker-41: Building] INFO  o.e.m.c.i.embedder.EclipseLogger - Using 'UTF-8' encoding to copy filtered resources.
2022-06-04 18:39:24,649 [Worker-41: Building] INFO  o.e.m.c.i.embedder.EclipseLogger - Copying 1 resource
2022-06-04 18:39:24,652 [Worker-41: Building] INFO  o.e.m.c.i.embedder.EclipseLogger - Copying 9 resources
2022-06-04 18:39:24,655 [Worker-41: Building] INFO  o.e.m.c.i.embedder.EclipseLogger - Using 'UTF-8' encoding to copy filtered resources.
2022-06-04 18:39:24,655 [Worker-41: Building] INFO  o.e.m.c.i.embedder.EclipseLogger - skip non existing resourceDirectory C:\Users\arthu\Desktop\ASI_new\Card_v2\SPWebAppCard\src\test\resources
2022-06-04 18:40:18,485 [Worker-41: Building] INFO  o.e.m.c.i.embedder.EclipseLogger - Using 'UTF-8' encoding to copy filtered resources.
2022-06-04 18:40:18,487 [Worker-41: Building] INFO  o.e.m.c.i.embedder.EclipseLogger - Copying 1 resource
2022-06-04 18:40:18,490 [Worker-41: Building] INFO  o.e.m.c.i.embedder.EclipseLogger - Copying 9 resources
2022-06-04 18:40:18,492 [Worker-41: Building] INFO  o.e.m.c.i.embedder.EclipseLogger - Using 'UTF-8' encoding to copy filtered resources.
2022-06-04 18:40:18,493 [Worker-41: Building] INFO  o.e.m.c.i.embedder.EclipseLogger - skip non existing resourceDirectory C:\Users\arthu\Desktop\ASI_new\Card_v2\SPWebAppCard\src\test\resources
2022-06-04 18:40:34,945 [Worker-46: Building] INFO  o.e.m.c.i.embedder.EclipseLogger - Using 'UTF-8' encoding to copy filtered resources.
2022-06-04 18:40:34,947 [Worker-46: Building] INFO  o.e.m.c.i.embedder.EclipseLogger - Copying 1 resource
2022-06-04 18:40:34,949 [Worker-46: Building] INFO  o.e.m.c.i.embedder.EclipseLogger - Copying 9 resources
2022-06-04 18:40:34,952 [Worker-46: Building] INFO  o.e.m.c.i.embedder.EclipseLogger - Using 'UTF-8' encoding to copy filtered resources.
2022-06-04 18:40:34,952 [Worker-46: Building] INFO  o.e.m.c.i.embedder.EclipseLogger - skip non existing resourceDirectory C:\Users\arthu\Desktop\ASI_new\Card_v2\SPWebAppCard\src\test\resources
2022-06-04 18:40:45,745 [Worker-46: Building] INFO  o.e.m.c.i.embedder.EclipseLogger - Using 'UTF-8' encoding to copy filtered resources.
2022-06-04 18:40:45,747 [Worker-46: Building] INFO  o.e.m.c.i.embedder.EclipseLogger - Copying 1 resource
2022-06-04 18:40:45,750 [Worker-46: Building] INFO  o.e.m.c.i.embedder.EclipseLogger - Copying 9 resources
2022-06-04 18:40:45,753 [Worker-46: Building] INFO  o.e.m.c.i.embedder.EclipseLogger - Using 'UTF-8' encoding to copy filtered resources.
2022-06-04 18:40:45,753 [Worker-46: Building] INFO  o.e.m.c.i.embedder.EclipseLogger - skip non existing resourceDirectory C:\Users\arthu\Desktop\ASI_new\Card_v2\SPWebAppCard\src\test\resources
2022-06-04 18:40:56,299 [Worker-44: Building] INFO  o.e.m.c.i.embedder.EclipseLogger - Using 'UTF-8' encoding to copy filtered resources.
2022-06-04 18:40:56,301 [Worker-44: Building] INFO  o.e.m.c.i.embedder.EclipseLogger - Copying 1 resource
2022-06-04 18:40:56,304 [Worker-44: Building] INFO  o.e.m.c.i.embedder.EclipseLogger - Copying 9 resources
2022-06-04 18:40:56,306 [Worker-44: Building] INFO  o.e.m.c.i.embedder.EclipseLogger - Using 'UTF-8' encoding to copy filtered resources.
2022-06-04 18:40:56,306 [Worker-44: Building] INFO  o.e.m.c.i.embedder.EclipseLogger - skip non existing resourceDirectory C:\Users\arthu\Desktop\ASI_new\Card_v2\SPWebAppCard\src\test\resources
2022-06-04 18:41:48,787 [Worker-44: Building] INFO  o.e.m.c.i.embedder.EclipseLogger - Using 'UTF-8' encoding to copy filtered resources.
2022-06-04 18:41:48,789 [Worker-44: Building] INFO  o.e.m.c.i.embedder.EclipseLogger - Copying 1 resource
2022-06-04 18:41:48,792 [Worker-44: Building] INFO  o.e.m.c.i.embedder.EclipseLogger - Copying 9 resources
2022-06-04 18:41:48,795 [Worker-44: Building] INFO  o.e.m.c.i.embedder.EclipseLogger - Using 'UTF-8' encoding to copy filtered resources.
2022-06-04 18:41:48,795 [Worker-44: Building] INFO  o.e.m.c.i.embedder.EclipseLogger - skip non existing resourceDirectory C:\Users\arthu\Desktop\ASI_new\Card_v2\SPWebAppCard\src\test\resources
2022-06-04 18:45:15,917 [Worker-44: Building] INFO  o.e.m.c.i.embedder.EclipseLogger - Using 'UTF-8' encoding to copy filtered resources.
2022-06-04 18:45:15,919 [Worker-44: Building] INFO  o.e.m.c.i.embedder.EclipseLogger - Copying 1 resource
2022-06-04 18:45:15,921 [Worker-44: Building] INFO  o.e.m.c.i.embedder.EclipseLogger - Copying 9 resources
2022-06-04 18:45:15,924 [Worker-44: Building] INFO  o.e.m.c.i.embedder.EclipseLogger - Using 'UTF-8' encoding to copy filtered resources.
2022-06-04 18:45:15,924 [Worker-44: Building] INFO  o.e.m.c.i.embedder.EclipseLogger - skip non existing resourceDirectory C:\Users\arthu\Desktop\ASI_new\Card_v2\SPWebAppCard\src\test\resources
2022-06-04 18:47:20,639 [Worker-49: Building] INFO  o.e.m.c.i.embedder.EclipseLogger - Using 'UTF-8' encoding to copy filtered resources.
2022-06-04 18:47:20,642 [Worker-49: Building] INFO  o.e.m.c.i.embedder.EclipseLogger - Copying 1 resource
2022-06-04 18:47:20,645 [Worker-49: Building] INFO  o.e.m.c.i.embedder.EclipseLogger - Copying 9 resources
2022-06-04 18:47:20,649 [Worker-49: Building] INFO  o.e.m.c.i.embedder.EclipseLogger - Using 'UTF-8' encoding to copy filtered resources.
2022-06-04 18:47:20,649 [Worker-49: Building] INFO  o.e.m.c.i.embedder.EclipseLogger - skip non existing resourceDirectory C:\Users\arthu\Desktop\ASI_new\Card_v2\SPWebAppCard\src\test\resources
2022-06-04 18:50:19,644 [Worker-44: Building] INFO  o.e.m.c.i.embedder.EclipseLogger - Using 'UTF-8' encoding to copy filtered resources.
2022-06-04 18:50:19,646 [Worker-44: Building] INFO  o.e.m.c.i.embedder.EclipseLogger - Copying 1 resource
2022-06-04 18:50:19,648 [Worker-44: Building] INFO  o.e.m.c.i.embedder.EclipseLogger - Copying 9 resources
2022-06-04 18:50:19,651 [Worker-44: Building] INFO  o.e.m.c.i.embedder.EclipseLogger - Using 'UTF-8' encoding to copy filtered resources.
2022-06-04 18:50:19,651 [Worker-44: Building] INFO  o.e.m.c.i.embedder.EclipseLogger - skip non existing resourceDirectory C:\Users\arthu\Desktop\ASI_new\Card_v2\SPWebAppCard\src\test\resources
2022-06-04 18:52:00,702 [Worker-36: Building] INFO  o.e.m.c.i.embedder.EclipseLogger - Using 'UTF-8' encoding to copy filtered resources.
2022-06-04 18:52:00,705 [Worker-36: Building] INFO  o.e.m.c.i.embedder.EclipseLogger - Copying 1 resource
2022-06-04 18:52:00,708 [Worker-36: Building] INFO  o.e.m.c.i.embedder.EclipseLogger - Copying 9 resources
2022-06-04 18:52:00,711 [Worker-36: Building] INFO  o.e.m.c.i.embedder.EclipseLogger - Using 'UTF-8' encoding to copy filtered resources.
2022-06-04 18:52:00,712 [Worker-36: Building] INFO  o.e.m.c.i.embedder.EclipseLogger - skip non existing resourceDirectory C:\Users\arthu\Desktop\ASI_new\Card_v2\SPWebAppCard\src\test\resources
2022-06-04 18:52:17,333 [Worker-51: Building] INFO  o.e.m.c.i.embedder.EclipseLogger - Using 'UTF-8' encoding to copy filtered resources.
2022-06-04 18:52:17,335 [Worker-51: Building] INFO  o.e.m.c.i.embedder.EclipseLogger - Copying 1 resource
2022-06-04 18:52:17,338 [Worker-51: Building] INFO  o.e.m.c.i.embedder.EclipseLogger - Copying 9 resources
2022-06-04 18:52:17,340 [Worker-51: Building] INFO  o.e.m.c.i.embedder.EclipseLogger - Using 'UTF-8' encoding to copy filtered resources.
2022-06-04 18:52:17,341 [Worker-51: Building] INFO  o.e.m.c.i.embedder.EclipseLogger - skip non existing resourceDirectory C:\Users\arthu\Desktop\ASI_new\Card_v2\SPWebAppCard\src\test\resources
2022-06-04 18:53:55,947 [Worker-50: Building] INFO  o.e.m.c.i.embedder.EclipseLogger - Using 'UTF-8' encoding to copy filtered resources.
2022-06-04 18:53:55,949 [Worker-50: Building] INFO  o.e.m.c.i.embedder.EclipseLogger - Copying 1 resource
2022-06-04 18:53:55,952 [Worker-50: Building] INFO  o.e.m.c.i.embedder.EclipseLogger - Copying 9 resources
2022-06-04 18:53:55,955 [Worker-50: Building] INFO  o.e.m.c.i.embedder.EclipseLogger - Using 'UTF-8' encoding to copy filtered resources.
2022-06-04 18:53:55,955 [Worker-50: Building] INFO  o.e.m.c.i.embedder.EclipseLogger - skip non existing resourceDirectory C:\Users\arthu\Desktop\ASI_new\Card_v2\SPWebAppCard\src\test\resources
2022-06-04 18:58:44,130 [Worker-48: Building] INFO  o.e.m.c.i.embedder.EclipseLogger - Using 'UTF-8' encoding to copy filtered resources.
2022-06-04 18:58:44,132 [Worker-48: Building] INFO  o.e.m.c.i.embedder.EclipseLogger - Copying 1 resource
2022-06-04 18:58:44,134 [Worker-48: Building] INFO  o.e.m.c.i.embedder.EclipseLogger - Copying 9 resources
2022-06-04 18:58:44,137 [Worker-48: Building] INFO  o.e.m.c.i.embedder.EclipseLogger - Using 'UTF-8' encoding to copy filtered resources.
2022-06-04 18:58:44,137 [Worker-48: Building] INFO  o.e.m.c.i.embedder.EclipseLogger - skip non existing resourceDirectory C:\Users\arthu\Desktop\ASI_new\Card_v2\SPWebAppCard\src\test\resources
2022-06-04 18:59:36,813 [Worker-55: Building] INFO  o.e.m.c.i.embedder.EclipseLogger - Using 'UTF-8' encoding to copy filtered resources.
2022-06-04 18:59:36,815 [Worker-55: Building] INFO  o.e.m.c.i.embedder.EclipseLogger - Copying 1 resource
2022-06-04 18:59:36,817 [Worker-55: Building] INFO  o.e.m.c.i.embedder.EclipseLogger - Copying 9 resources
2022-06-04 18:59:36,820 [Worker-55: Building] INFO  o.e.m.c.i.embedder.EclipseLogger - Using 'UTF-8' encoding to copy filtered resources.
2022-06-04 18:59:36,820 [Worker-55: Building] INFO  o.e.m.c.i.embedder.EclipseLogger - skip non existing resourceDirectory C:\Users\arthu\Desktop\ASI_new\Card_v2\SPWebAppCard\src\test\resources
2022-06-04 18:59:39,999 [Worker-55: Building] INFO  o.e.m.c.i.embedder.EclipseLogger - Using 'UTF-8' encoding to copy filtered resources.
2022-06-04 18:59:40,002 [Worker-55: Building] INFO  o.e.m.c.i.embedder.EclipseLogger - Copying 1 resource
2022-06-04 18:59:40,005 [Worker-55: Building] INFO  o.e.m.c.i.embedder.EclipseLogger - Copying 9 resources
2022-06-04 18:59:40,009 [Worker-55: Building] INFO  o.e.m.c.i.embedder.EclipseLogger - Using 'UTF-8' encoding to copy filtered resources.
2022-06-04 18:59:40,009 [Worker-55: Building] INFO  o.e.m.c.i.embedder.EclipseLogger - skip non existing resourceDirectory C:\Users\arthu\Desktop\ASI_new\Card_v2\SPWebAppCard\src\test\resources
